[2018-06-01 16:01:51,764/CST][main][ERROR]Can not output merged.log4j.properties,because can not write to directory of file file:/Volumes/256G/imlidian/rpc_performance_test/demo-pojo/pojo-client/target/lib/foundation-common-1.0.0-m1.jar!/config/base/log4j.properties org.apache.servicecomb.foundation.common.utils.Log4jUtils.outputFile(Log4jUtils.java:95)
[2018-06-01 16:01:51,828/CST][main][INFO]Refreshing org.springframework.context.support.ClassPathXmlApplicationContext@1a407d53: startup date [Fri Jun 01 16:01:51 CST 2018]; root of context hierarchy org.springframework.context.support.AbstractApplicationContext.prepareRefresh(AbstractApplicationContext.java:582)
[2018-06-01 16:01:51,928/CST][main][INFO]Loading XML bean definitions from URL [jar:file:/Volumes/256G/imlidian/rpc_performance_test/demo-pojo/pojo-client/target/servicecomb-pojo-client-round-2.jar!/META-INF/spring/pojo.client.bean.xml] org.springframework.beans.factory.xml.XmlBeanDefinitionReader.loadBeanDefinitions(XmlBeanDefinitionReader.java:317)
[2018-06-01 16:01:52,081/CST][main][INFO]Loading XML bean definitions from URL [jar:file:/Volumes/256G/imlidian/rpc_performance_test/demo-pojo/pojo-client/target/lib/transport-rest-client-1.0.0-m1.jar!/META-INF/spring/cse.transport.rest.bean.xml] org.springframework.beans.factory.xml.XmlBeanDefinitionReader.loadBeanDefinitions(XmlBeanDefinitionReader.java:317)
[2018-06-01 16:01:52,128/CST][main][INFO]Loading XML bean definitions from URL [jar:file:/Volumes/256G/imlidian/rpc_performance_test/demo-pojo/pojo-client/target/lib/java-chassis-core-1.0.0-m1.jar!/META-INF/spring/cse.bean.xml] org.springframework.beans.factory.xml.XmlBeanDefinitionReader.loadBeanDefinitions(XmlBeanDefinitionReader.java:317)
[2018-06-01 16:01:52,841/CST][main][INFO]Loading XML bean definitions from URL [jar:file:/Volumes/256G/imlidian/rpc_performance_test/demo-pojo/pojo-client/target/lib/foundation-config-1.0.0-m1.jar!/META-INF/spring/cse.bean.xml] org.springframework.beans.factory.xml.XmlBeanDefinitionReader.loadBeanDefinitions(XmlBeanDefinitionReader.java:317)
[2018-06-01 16:01:52,864/CST][main][INFO]Loading XML bean definitions from URL [jar:file:/Volumes/256G/imlidian/rpc_performance_test/demo-pojo/pojo-client/target/lib/foundation-vertx-1.0.0-m1.jar!/META-INF/spring/cse.bean.xml] org.springframework.beans.factory.xml.XmlBeanDefinitionReader.loadBeanDefinitions(XmlBeanDefinitionReader.java:317)
[2018-06-01 16:01:52,893/CST][main][INFO]Loading XML bean definitions from URL [jar:file:/Volumes/256G/imlidian/rpc_performance_test/demo-pojo/pojo-client/target/lib/foundation-common-1.0.0-m1.jar!/META-INF/spring/common.bean.xml] org.springframework.beans.factory.xml.XmlBeanDefinitionReader.loadBeanDefinitions(XmlBeanDefinitionReader.java:317)
[2018-06-01 16:01:52,921/CST][main][INFO]Loading XML bean definitions from URL [jar:file:/Volumes/256G/imlidian/rpc_performance_test/demo-pojo/pojo-client/target/lib/foundation-metrics-1.0.0-m1.jar!/META-INF/spring/metrics.bean.xml] org.springframework.beans.factory.xml.XmlBeanDefinitionReader.loadBeanDefinitions(XmlBeanDefinitionReader.java:317)
[2018-06-01 16:01:53,306/CST][main][WARN]No URLs will be polled as dynamic configuration sources. com.netflix.config.sources.URLConfigurationSource.<init>(URLConfigurationSource.java:121)
[2018-06-01 16:01:53,307/CST][main][INFO]To enable URLs as dynamic configuration sources, define System property archaius.configurationSource.additionalUrls or make config.properties available on classpath. com.netflix.config.sources.URLConfigurationSource.<init>(URLConfigurationSource.java:122)
[2018-06-01 16:01:53,324/CST][main][INFO]create dynamic config: org.apache.servicecomb.config.ConfigUtil.createDynamicConfig(ConfigUtil.java:169)
[2018-06-01 16:01:53,438/CST][main][INFO]create local config: org.apache.servicecomb.config.ConfigUtil.createLocalConfig(ConfigUtil.java:87)
[2018-06-01 16:01:53,439/CST][main][INFO] jar:file:/Volumes/256G/imlidian/rpc_performance_test/demo-pojo/pojo-client/target/servicecomb-pojo-client-round-2.jar!/microservice.yaml. org.apache.servicecomb.config.ConfigUtil.createLocalConfig(ConfigUtil.java:89)
[2018-06-01 16:01:53,456/CST][main][INFO]Can not get the SPI service, the interface type is: interface org.apache.servicecomb.config.spi.ConfigCenterConfigurationSource org.apache.servicecomb.foundation.common.utils.SPIServiceUtils.getTargetService(SPIServiceUtils.java:54)
[2018-06-01 16:01:53,456/CST][main][INFO]config center SPI service can not find, skip to load configuration from config center org.apache.servicecomb.config.ConfigUtil.createConfigFromConfigCenter(ConfigUtil.java:154)
[2018-06-01 16:01:53,919/CST][main][INFO]JSR-330 'javax.inject.Inject' annotation found and supported for autowiring org.springframework.beans.factory.annotation.AutowiredAnnotationBeanPostProcessor.<init>(AutowiredAnnotationBeanPostProcessor.java:155)
[2018-06-01 16:01:54,485/CST][main][INFO]Found swagger generator context: org.apache.servicecomb.swagger.generator.pojo.PojoSwaggerGeneratorContext org.apache.servicecomb.swagger.generator.core.CompositeSwaggerGeneratorContext.<init>(CompositeSwaggerGeneratorContext.java:39)
[2018-06-01 16:01:54,498/CST][main][INFO]found factory org.apache.servicecomb.swagger.invocation.response.producer.CseResponseProducerResponseMapperFactory of org.apache.servicecomb.swagger.invocation.response.producer.ProducerResponseMapperFactory: org.apache.servicecomb.swagger.invocation.response.ResponseMapperFactorys.lambda$new$0(ResponseMapperFactorys.java:41)
[2018-06-01 16:01:54,499/CST][main][INFO]found factory org.apache.servicecomb.swagger.invocation.response.producer.CompletableFutureProducerResponseMapperFactory of org.apache.servicecomb.swagger.invocation.response.producer.ProducerResponseMapperFactory: org.apache.servicecomb.swagger.invocation.response.ResponseMapperFactorys.lambda$new$0(ResponseMapperFactorys.java:41)
[2018-06-01 16:01:54,499/CST][main][INFO]found factory org.apache.servicecomb.swagger.invocation.response.producer.DefaultProducerResponseMapperFactory of org.apache.servicecomb.swagger.invocation.response.producer.ProducerResponseMapperFactory: org.apache.servicecomb.swagger.invocation.response.ResponseMapperFactorys.lambda$new$0(ResponseMapperFactorys.java:41)
[2018-06-01 16:01:54,503/CST][main][INFO]found factory org.apache.servicecomb.swagger.invocation.response.consumer.CseResponseConsumerResponseMapperFactory of org.apache.servicecomb.swagger.invocation.response.consumer.ConsumerResponseMapperFactory: org.apache.servicecomb.swagger.invocation.response.ResponseMapperFactorys.lambda$new$0(ResponseMapperFactorys.java:41)
[2018-06-01 16:01:54,504/CST][main][INFO]found factory org.apache.servicecomb.swagger.invocation.response.consumer.CompletableFutureConsumerResponseMapperFactory of org.apache.servicecomb.swagger.invocation.response.consumer.ConsumerResponseMapperFactory: org.apache.servicecomb.swagger.invocation.response.ResponseMapperFactorys.lambda$new$0(ResponseMapperFactorys.java:41)
[2018-06-01 16:01:54,505/CST][main][INFO]found factory org.apache.servicecomb.swagger.invocation.response.consumer.DefaultConsumerResponseMapperFactory of org.apache.servicecomb.swagger.invocation.response.consumer.ConsumerResponseMapperFactory: org.apache.servicecomb.swagger.invocation.response.ResponseMapperFactorys.lambda$new$0(ResponseMapperFactorys.java:41)
[2018-06-01 16:01:54,611/CST][main][INFO]load microservice config, name=codefirstClient, paths=[jar:file:/Volumes/256G/imlidian/rpc_performance_test/demo-pojo/pojo-client/target/servicecomb-pojo-client-round-2.jar!/microservice.yaml] org.apache.servicecomb.serviceregistry.definition.MicroserviceDefinition.logConfigPath(MicroserviceDefinition.java:142)
[2018-06-01 16:01:54,667/CST][main][INFO]It is running in the normal mode, a separated service registry is required org.apache.servicecomb.serviceregistry.registry.ServiceRegistryFactory.create(ServiceRegistryFactory.java:81)
[2018-06-01 16:01:54,689/CST][main][INFO]add network interface name:wc6,host address:169.254.80.44 org.apache.servicecomb.foundation.common.net.NetUtils.doGetIpv4AddressFromNetworkInterface(NetUtils.java:114)
[2018-06-01 16:01:54,690/CST][main][INFO]add network interface name:en1,host address:192.168.43.114 org.apache.servicecomb.foundation.common.net.NetUtils.doGetIpv4AddressFromNetworkInterface(NetUtils.java:114)
[2018-06-01 16:01:54,708/CST][main][INFO]add host name from localhost:DeanMacbook,host address:192.168.43.114 org.apache.servicecomb.foundation.common.net.NetUtils.<clinit>(NetUtils.java:72)
[2018-06-01 16:01:55,584/CST][main][INFO]executor group 2, thread per group 4. org.apache.servicecomb.core.executor.FixedThreadExecutor.<init>(FixedThreadExecutor.java:54)
[2018-06-01 16:01:55,739/CST][main][INFO]choose org.apache.servicecomb.transport.rest.vertx.VertxRestTransport for rest. org.apache.servicecomb.core.transport.TransportManager.chooseOneTransport(TransportManager.java:84)
[2018-06-01 16:01:55,740/CST][main][INFO]choose org.apache.servicecomb.transport.highway.HighwayTransport for highway. org.apache.servicecomb.core.transport.TransportManager.chooseOneTransport(TransportManager.java:84)
[2018-06-01 16:01:55,765/CST][transport-vert.x-eventloop-thread-2][WARN]rest listen address is not configured, will not start. org.apache.servicecomb.transport.rest.vertx.RestServerVerticle.start(RestServerVerticle.java:66)
[2018-06-01 16:01:55,782/CST][transport-vert.x-eventloop-thread-6][WARN]highway listen address is not configured, will not listen. org.apache.servicecomb.transport.highway.HighwayServerVerticle.startListen(HighwayServerVerticle.java:64)
[2018-06-01 16:01:55,791/CST][main][INFO]running microservice register task. org.apache.servicecomb.serviceregistry.task.MicroserviceRegisterTask.doRegister(MicroserviceRegisterTask.java:57)
[2018-06-01 16:01:55,801/CST][registry-vert.x-eventloop-thread-0][WARN]get response for org.apache.servicecomb.serviceregistry.api.response.GetExistenceResponse failed, 400:Bad Request, {"errorCode":"400012","errorMessage":"Micro-service does not exist","detail":"service does not exist."}
 org.apache.servicecomb.serviceregistry.client.http.ServiceRegistryClientImpl.lambda$null$0(ServiceRegistryClientImpl.java:118)
[2018-06-01 16:01:55,877/CST][main][INFO]Registry Microservice successfully. id=0fae58cd657211e8aa6e0242ac110002 appId=codefirsttest, name=codefirstClient, version=0.0.2, schemaIds=[] org.apache.servicecomb.serviceregistry.task.MicroserviceRegisterTask.doRegister(MicroserviceRegisterTask.java:89)
[2018-06-01 16:01:55,879/CST][main][INFO]read MicroserviceRegisterTask status is FINISHED org.apache.servicecomb.serviceregistry.task.ServiceCenterTask.onRegisterTask(ServiceCenterTask.java:51)
[2018-06-01 16:01:55,880/CST][main][INFO]running microservice instance register task. org.apache.servicecomb.serviceregistry.task.MicroserviceInstanceRegisterTask.doRegister(MicroserviceInstanceRegisterTask.java:59)
[2018-06-01 16:01:55,895/CST][main][INFO]Register microservice instance success. microserviceId=0fae58cd657211e8aa6e0242ac110002 instanceId=0fb08fa6657211e8aa6e0242ac110002 endpoints=[] lease 120s org.apache.servicecomb.serviceregistry.task.MicroserviceInstanceRegisterTask.doRegister(MicroserviceInstanceRegisterTask.java:77)
[2018-06-01 16:01:55,896/CST][main][INFO]receive MicroserviceInstanceRegisterTask event, check instance Id... org.apache.servicecomb.core.CseApplicationListener$1.afterRegistryInstance(CseApplicationListener.java:170)
[2018-06-01 16:01:55,897/CST][main][INFO]instance registry succeeds for the first time, will send AFTER_REGISTRY event. org.apache.servicecomb.core.CseApplicationListener$1.afterRegistryInstance(CseApplicationListener.java:172)
[2018-06-01 16:01:55,898/CST][main][INFO]read MicroserviceInstanceRegisterTask status is FINISHED org.apache.servicecomb.serviceregistry.task.ServiceCenterTask.onRegisterTask(ServiceCenterTask.java:51)
[2018-06-01 16:01:55,957/CST][main][INFO]create MicroserviceVersions, appId=codefirsttest, microserviceName=codefirst. org.apache.servicecomb.serviceregistry.consumer.MicroserviceVersions.<init>(MicroserviceVersions.java:73)
[2018-06-01 16:01:55,962/CST][registry-vert.x-eventloop-thread-2][INFO]watching microservice 0fae58cd657211e8aa6e0242ac110002 successfully, the chosen service center address is 127.0.0.1:30100 org.apache.servicecomb.serviceregistry.client.http.ServiceRegistryClientImpl.lambda$watch$8(ServiceRegistryClientImpl.java:534)
[2018-06-01 16:01:55,994/CST][main][INFO]find instances[1] from service center success. service=codefirsttest/codefirst/0.0.0+ org.apache.servicecomb.serviceregistry.registry.AbstractServiceRegistry.findServiceInstances(AbstractServiceRegistry.java:274)
[2018-06-01 16:01:55,995/CST][main][INFO]service id=f727b1a7657111e8aa6e0242ac110002, instance id=f730982e657111e8aa6e0242ac110002, endpoints=[rest://192.168.43.114:8080] org.apache.servicecomb.serviceregistry.registry.AbstractServiceRegistry.findServiceInstances(AbstractServiceRegistry.java:280)
[2018-06-01 16:01:56,011/CST][main][INFO]create MicroserviceVersionRule, appId=codefirsttest, microserviceName=codefirst, versionRule=0.0.2. org.apache.servicecomb.serviceregistry.consumer.MicroserviceVersions.createAndInitMicroserviceVersionRule(MicroserviceVersions.java:185)
[2018-06-01 16:01:56,028/CST][main][INFO]add microserviceVersion, appId=codefirsttest, microserviceName=codefirst, version=0.0.2, versionRule=0.0.2. org.apache.servicecomb.serviceregistry.consumer.MicroserviceVersionRule.addMicroserviceVersion(MicroserviceVersionRule.java:80)
[2018-06-01 16:01:56,033/CST][main][INFO]set instances, appId=codefirsttest, microserviceName=codefirst, versionRule=0.0.2, instanceId=f730982e657111e8aa6e0242ac110002, endpoints=[rest://192.168.43.114:8080]. org.apache.servicecomb.serviceregistry.consumer.MicroserviceVersionRule.lambda$setInstances$1(MicroserviceVersionRule.java:146)
[2018-06-01 16:01:56,043/CST][main][INFO]load schema from service center, microservice=codefirsttest:codefirst:0.0.2, schemaId=codeFirstHello, result=true org.apache.servicecomb.core.definition.schema.ConsumerSchemaFactory.loadSwagger(ConsumerSchemaFactory.java:145)
[2018-06-01 16:01:56,213/CST][main][INFO]register schema codefirsttest/codefirst/codeFirstHello org.apache.servicecomb.core.definition.loader.SchemaLoader.registerSchema(SchemaLoader.java:91)
[2018-06-01 16:01:56,275/CST][main][INFO]generate cse.gen.codefirsttest.codefirst.codeFirstHello.existUser.existUserBody in classLoader sun.misc.Launcher$AppClassLoader@75b84c92. org.apache.servicecomb.common.javassist.JavassistUtils.createClass(JavassistUtils.java:207)
[2018-06-01 16:01:56,295/CST][main][INFO]generate cse.gen.codefirsttest.codefirst.codeFirstHello.getUser.getUserBody in classLoader sun.misc.Launcher$AppClassLoader@75b84c92. org.apache.servicecomb.common.javassist.JavassistUtils.createClass(JavassistUtils.java:207)
[2018-06-01 16:01:56,299/CST][main][INFO]generate benchmark.bean.Page_benchmark.bean.User_ in classLoader sun.misc.Launcher$AppClassLoader@75b84c92. org.apache.servicecomb.common.javassist.JavassistUtils.createClass(JavassistUtils.java:207)
[2018-06-01 16:01:56,305/CST][main][INFO]generate cse.gen.codefirsttest.codefirst.codeFirstHello.listUser.listUserBody in classLoader sun.misc.Launcher$AppClassLoader@75b84c92. org.apache.servicecomb.common.javassist.JavassistUtils.createClass(JavassistUtils.java:207)
[2018-06-01 16:01:56,442/CST][main][INFO]generate cse.gen.codefirsttest.codefirst.codeFirstHello.CodeFirstPojoHelloImplIntf in classLoader sun.misc.Launcher$AppClassLoader@75b84c92. org.apache.servicecomb.common.javassist.JavassistUtils.createClass(JavassistUtils.java:207)
[2018-06-01 16:01:56,455/CST][main][INFO]found DiscoveryFilter: org.apache.servicecomb.serviceregistry.discovery.DiscoveryTree.sort(DiscoveryTree.java:53)
[2018-06-01 16:01:56,456/CST][main][INFO]DiscoveryFilter org.apache.servicecomb.core.filter.EndpointDiscoveryFilter. org.apache.servicecomb.serviceregistry.discovery.DiscoveryTree.sort(DiscoveryTree.java:55)
[2018-06-01 16:01:56,475/CST][main][INFO]add schema to service paths. codefirsttest:codefirst:codeFirstHello. org.apache.servicecomb.common.rest.locator.ServicePathManager.addSchema(ServicePathManager.java:91)
[2018-06-01 16:01:56,476/CST][main][INFO]Found schema ids from service center, codefirsttest:codefirst:0.0.2:[codeFirstHello] org.apache.servicecomb.core.definition.schema.ConsumerSchemaFactory.getOrCreateMicroserviceMeta(ConsumerSchemaFactory.java:102)
[2018-06-01 16:01:56,519/CST][main][INFO]Create loadBalancer for 0.0.2/. org.apache.servicecomb.core.handler.impl.SimpleLoadBalanceHandler.lambda$handle$0(SimpleLoadBalanceHandler.java:72)
[2018-06-01 16:01:56,528/CST][main][INFO]Found HttpClientFilter: org.apache.servicecomb.common.rest.filter.inner.ClientRestArgsFilter. org.apache.servicecomb.transport.rest.client.http.VertxHttpMethod.<clinit>(VertxHttpMethod.java:61)
[2018-06-01 16:01:56,529/CST][main][INFO]Found HttpClientFilter: org.apache.servicecomb.transport.rest.client.http.DefaultHttpClientFilter. org.apache.servicecomb.transport.rest.client.http.VertxHttpMethod.<clinit>(VertxHttpMethod.java:61)
[2018-06-01 16:01:57,713/CST][org.apache.servicecomb.demo.pojo.client.PojoClient.createUser-jmh-worker-16][ERROR]Can not output merged.log4j.properties,because can not write to directory of file file:/Volumes/256G/imlidian/rpc_performance_test/demo-pojo/pojo-client/target/lib/foundation-common-1.0.0-m1.jar!/config/base/log4j.properties org.apache.servicecomb.foundation.common.utils.Log4jUtils.outputFile(Log4jUtils.java:95)
[2018-06-01 16:01:57,791/CST][org.apache.servicecomb.demo.pojo.client.PojoClient.createUser-jmh-worker-16][INFO]Refreshing org.springframework.context.support.ClassPathXmlApplicationContext@6ddd2002: startup date [Fri Jun 01 16:01:57 CST 2018]; root of context hierarchy org.springframework.context.support.AbstractApplicationContext.prepareRefresh(AbstractApplicationContext.java:582)
[2018-06-01 16:01:57,889/CST][org.apache.servicecomb.demo.pojo.client.PojoClient.createUser-jmh-worker-16][INFO]Loading XML bean definitions from URL [jar:file:/Volumes/256G/imlidian/rpc_performance_test/demo-pojo/pojo-client/target/servicecomb-pojo-client-round-2.jar!/META-INF/spring/pojo.client.bean.xml] org.springframework.beans.factory.xml.XmlBeanDefinitionReader.loadBeanDefinitions(XmlBeanDefinitionReader.java:317)
[2018-06-01 16:01:58,035/CST][org.apache.servicecomb.demo.pojo.client.PojoClient.createUser-jmh-worker-16][INFO]Loading XML bean definitions from URL [jar:file:/Volumes/256G/imlidian/rpc_performance_test/demo-pojo/pojo-client/target/lib/transport-rest-client-1.0.0-m1.jar!/META-INF/spring/cse.transport.rest.bean.xml] org.springframework.beans.factory.xml.XmlBeanDefinitionReader.loadBeanDefinitions(XmlBeanDefinitionReader.java:317)
[2018-06-01 16:01:58,072/CST][org.apache.servicecomb.demo.pojo.client.PojoClient.createUser-jmh-worker-16][INFO]Loading XML bean definitions from URL [jar:file:/Volumes/256G/imlidian/rpc_performance_test/demo-pojo/pojo-client/target/lib/java-chassis-core-1.0.0-m1.jar!/META-INF/spring/cse.bean.xml] org.springframework.beans.factory.xml.XmlBeanDefinitionReader.loadBeanDefinitions(XmlBeanDefinitionReader.java:317)
[2018-06-01 16:01:58,695/CST][org.apache.servicecomb.demo.pojo.client.PojoClient.createUser-jmh-worker-16][INFO]Loading XML bean definitions from URL [jar:file:/Volumes/256G/imlidian/rpc_performance_test/demo-pojo/pojo-client/target/lib/foundation-config-1.0.0-m1.jar!/META-INF/spring/cse.bean.xml] org.springframework.beans.factory.xml.XmlBeanDefinitionReader.loadBeanDefinitions(XmlBeanDefinitionReader.java:317)
[2018-06-01 16:01:58,723/CST][org.apache.servicecomb.demo.pojo.client.PojoClient.createUser-jmh-worker-16][INFO]Loading XML bean definitions from URL [jar:file:/Volumes/256G/imlidian/rpc_performance_test/demo-pojo/pojo-client/target/lib/foundation-vertx-1.0.0-m1.jar!/META-INF/spring/cse.bean.xml] org.springframework.beans.factory.xml.XmlBeanDefinitionReader.loadBeanDefinitions(XmlBeanDefinitionReader.java:317)
[2018-06-01 16:01:58,757/CST][org.apache.servicecomb.demo.pojo.client.PojoClient.createUser-jmh-worker-16][INFO]Loading XML bean definitions from URL [jar:file:/Volumes/256G/imlidian/rpc_performance_test/demo-pojo/pojo-client/target/lib/foundation-common-1.0.0-m1.jar!/META-INF/spring/common.bean.xml] org.springframework.beans.factory.xml.XmlBeanDefinitionReader.loadBeanDefinitions(XmlBeanDefinitionReader.java:317)
[2018-06-01 16:01:58,786/CST][org.apache.servicecomb.demo.pojo.client.PojoClient.createUser-jmh-worker-16][INFO]Loading XML bean definitions from URL [jar:file:/Volumes/256G/imlidian/rpc_performance_test/demo-pojo/pojo-client/target/lib/foundation-metrics-1.0.0-m1.jar!/META-INF/spring/metrics.bean.xml] org.springframework.beans.factory.xml.XmlBeanDefinitionReader.loadBeanDefinitions(XmlBeanDefinitionReader.java:317)
[2018-06-01 16:01:59,209/CST][org.apache.servicecomb.demo.pojo.client.PojoClient.createUser-jmh-worker-16][WARN]No URLs will be polled as dynamic configuration sources. com.netflix.config.sources.URLConfigurationSource.<init>(URLConfigurationSource.java:121)
[2018-06-01 16:01:59,210/CST][org.apache.servicecomb.demo.pojo.client.PojoClient.createUser-jmh-worker-16][INFO]To enable URLs as dynamic configuration sources, define System property archaius.configurationSource.additionalUrls or make config.properties available on classpath. com.netflix.config.sources.URLConfigurationSource.<init>(URLConfigurationSource.java:122)
[2018-06-01 16:01:59,217/CST][org.apache.servicecomb.demo.pojo.client.PojoClient.createUser-jmh-worker-16][INFO]create dynamic config: org.apache.servicecomb.config.ConfigUtil.createDynamicConfig(ConfigUtil.java:169)
[2018-06-01 16:01:59,289/CST][org.apache.servicecomb.demo.pojo.client.PojoClient.createUser-jmh-worker-16][INFO]create local config: org.apache.servicecomb.config.ConfigUtil.createLocalConfig(ConfigUtil.java:87)
[2018-06-01 16:01:59,289/CST][org.apache.servicecomb.demo.pojo.client.PojoClient.createUser-jmh-worker-16][INFO] jar:file:/Volumes/256G/imlidian/rpc_performance_test/demo-pojo/pojo-client/target/servicecomb-pojo-client-round-2.jar!/microservice.yaml. org.apache.servicecomb.config.ConfigUtil.createLocalConfig(ConfigUtil.java:89)
[2018-06-01 16:01:59,310/CST][org.apache.servicecomb.demo.pojo.client.PojoClient.createUser-jmh-worker-16][INFO]Can not get the SPI service, the interface type is: interface org.apache.servicecomb.config.spi.ConfigCenterConfigurationSource org.apache.servicecomb.foundation.common.utils.SPIServiceUtils.getTargetService(SPIServiceUtils.java:54)
[2018-06-01 16:01:59,311/CST][org.apache.servicecomb.demo.pojo.client.PojoClient.createUser-jmh-worker-16][INFO]config center SPI service can not find, skip to load configuration from config center org.apache.servicecomb.config.ConfigUtil.createConfigFromConfigCenter(ConfigUtil.java:154)
[2018-06-01 16:01:59,824/CST][org.apache.servicecomb.demo.pojo.client.PojoClient.createUser-jmh-worker-16][INFO]JSR-330 'javax.inject.Inject' annotation found and supported for autowiring org.springframework.beans.factory.annotation.AutowiredAnnotationBeanPostProcessor.<init>(AutowiredAnnotationBeanPostProcessor.java:155)
[2018-06-01 16:02:00,247/CST][org.apache.servicecomb.demo.pojo.client.PojoClient.createUser-jmh-worker-16][INFO]Found swagger generator context: org.apache.servicecomb.swagger.generator.pojo.PojoSwaggerGeneratorContext org.apache.servicecomb.swagger.generator.core.CompositeSwaggerGeneratorContext.<init>(CompositeSwaggerGeneratorContext.java:39)
[2018-06-01 16:02:00,262/CST][org.apache.servicecomb.demo.pojo.client.PojoClient.createUser-jmh-worker-16][INFO]found factory org.apache.servicecomb.swagger.invocation.response.producer.CseResponseProducerResponseMapperFactory of org.apache.servicecomb.swagger.invocation.response.producer.ProducerResponseMapperFactory: org.apache.servicecomb.swagger.invocation.response.ResponseMapperFactorys.lambda$new$0(ResponseMapperFactorys.java:41)
[2018-06-01 16:02:00,263/CST][org.apache.servicecomb.demo.pojo.client.PojoClient.createUser-jmh-worker-16][INFO]found factory org.apache.servicecomb.swagger.invocation.response.producer.CompletableFutureProducerResponseMapperFactory of org.apache.servicecomb.swagger.invocation.response.producer.ProducerResponseMapperFactory: org.apache.servicecomb.swagger.invocation.response.ResponseMapperFactorys.lambda$new$0(ResponseMapperFactorys.java:41)
[2018-06-01 16:02:00,264/CST][org.apache.servicecomb.demo.pojo.client.PojoClient.createUser-jmh-worker-16][INFO]found factory org.apache.servicecomb.swagger.invocation.response.producer.DefaultProducerResponseMapperFactory of org.apache.servicecomb.swagger.invocation.response.producer.ProducerResponseMapperFactory: org.apache.servicecomb.swagger.invocation.response.ResponseMapperFactorys.lambda$new$0(ResponseMapperFactorys.java:41)
[2018-06-01 16:02:00,269/CST][org.apache.servicecomb.demo.pojo.client.PojoClient.createUser-jmh-worker-16][INFO]found factory org.apache.servicecomb.swagger.invocation.response.consumer.CseResponseConsumerResponseMapperFactory of org.apache.servicecomb.swagger.invocation.response.consumer.ConsumerResponseMapperFactory: org.apache.servicecomb.swagger.invocation.response.ResponseMapperFactorys.lambda$new$0(ResponseMapperFactorys.java:41)
[2018-06-01 16:02:00,271/CST][org.apache.servicecomb.demo.pojo.client.PojoClient.createUser-jmh-worker-16][INFO]found factory org.apache.servicecomb.swagger.invocation.response.consumer.CompletableFutureConsumerResponseMapperFactory of org.apache.servicecomb.swagger.invocation.response.consumer.ConsumerResponseMapperFactory: org.apache.servicecomb.swagger.invocation.response.ResponseMapperFactorys.lambda$new$0(ResponseMapperFactorys.java:41)
[2018-06-01 16:02:00,272/CST][org.apache.servicecomb.demo.pojo.client.PojoClient.createUser-jmh-worker-16][INFO]found factory org.apache.servicecomb.swagger.invocation.response.consumer.DefaultConsumerResponseMapperFactory of org.apache.servicecomb.swagger.invocation.response.consumer.ConsumerResponseMapperFactory: org.apache.servicecomb.swagger.invocation.response.ResponseMapperFactorys.lambda$new$0(ResponseMapperFactorys.java:41)
[2018-06-01 16:02:00,395/CST][org.apache.servicecomb.demo.pojo.client.PojoClient.createUser-jmh-worker-16][INFO]load microservice config, name=codefirstClient, paths=[jar:file:/Volumes/256G/imlidian/rpc_performance_test/demo-pojo/pojo-client/target/servicecomb-pojo-client-round-2.jar!/microservice.yaml] org.apache.servicecomb.serviceregistry.definition.MicroserviceDefinition.logConfigPath(MicroserviceDefinition.java:142)
[2018-06-01 16:02:00,456/CST][org.apache.servicecomb.demo.pojo.client.PojoClient.createUser-jmh-worker-16][INFO]It is running in the normal mode, a separated service registry is required org.apache.servicecomb.serviceregistry.registry.ServiceRegistryFactory.create(ServiceRegistryFactory.java:81)
[2018-06-01 16:02:00,482/CST][org.apache.servicecomb.demo.pojo.client.PojoClient.createUser-jmh-worker-16][INFO]add network interface name:wc6,host address:169.254.80.44 org.apache.servicecomb.foundation.common.net.NetUtils.doGetIpv4AddressFromNetworkInterface(NetUtils.java:114)
[2018-06-01 16:02:00,483/CST][org.apache.servicecomb.demo.pojo.client.PojoClient.createUser-jmh-worker-16][INFO]add network interface name:en1,host address:192.168.43.114 org.apache.servicecomb.foundation.common.net.NetUtils.doGetIpv4AddressFromNetworkInterface(NetUtils.java:114)
[2018-06-01 16:02:00,487/CST][org.apache.servicecomb.demo.pojo.client.PojoClient.createUser-jmh-worker-16][INFO]add host name from localhost:DeanMacbook,host address:192.168.43.114 org.apache.servicecomb.foundation.common.net.NetUtils.<clinit>(NetUtils.java:72)
[2018-06-01 16:02:01,452/CST][org.apache.servicecomb.demo.pojo.client.PojoClient.createUser-jmh-worker-16][INFO]executor group 2, thread per group 4. org.apache.servicecomb.core.executor.FixedThreadExecutor.<init>(FixedThreadExecutor.java:54)
[2018-06-01 16:02:01,595/CST][org.apache.servicecomb.demo.pojo.client.PojoClient.createUser-jmh-worker-16][INFO]choose org.apache.servicecomb.transport.rest.vertx.VertxRestTransport for rest. org.apache.servicecomb.core.transport.TransportManager.chooseOneTransport(TransportManager.java:84)
[2018-06-01 16:02:01,596/CST][org.apache.servicecomb.demo.pojo.client.PojoClient.createUser-jmh-worker-16][INFO]choose org.apache.servicecomb.transport.highway.HighwayTransport for highway. org.apache.servicecomb.core.transport.TransportManager.chooseOneTransport(TransportManager.java:84)
[2018-06-01 16:02:01,617/CST][transport-vert.x-eventloop-thread-2][WARN]rest listen address is not configured, will not start. org.apache.servicecomb.transport.rest.vertx.RestServerVerticle.start(RestServerVerticle.java:66)
[2018-06-01 16:02:01,636/CST][transport-vert.x-eventloop-thread-6][WARN]highway listen address is not configured, will not listen. org.apache.servicecomb.transport.highway.HighwayServerVerticle.startListen(HighwayServerVerticle.java:64)
[2018-06-01 16:02:01,645/CST][org.apache.servicecomb.demo.pojo.client.PojoClient.createUser-jmh-worker-16][INFO]running microservice register task. org.apache.servicecomb.serviceregistry.task.MicroserviceRegisterTask.doRegister(MicroserviceRegisterTask.java:57)
[2018-06-01 16:02:01,653/CST][org.apache.servicecomb.demo.pojo.client.PojoClient.createUser-jmh-worker-16][INFO]Microservice exists in service center, no need to register. id=0fae58cd657211e8aa6e0242ac110002 appId=codefirsttest, name=codefirstClient, version=0.0.2 org.apache.servicecomb.serviceregistry.task.MicroserviceRegisterTask.doRegister(MicroserviceRegisterTask.java:64)
[2018-06-01 16:02:01,694/CST][org.apache.servicecomb.demo.pojo.client.PojoClient.createUser-jmh-worker-16][INFO]SchemaIds is equals to service center. id=0fae58cd657211e8aa6e0242ac110002 appId=codefirsttest, name=codefirstClient, version=0.0.2, schemaIds=[] org.apache.servicecomb.serviceregistry.task.MicroserviceRegisterTask.checkSchemaIdSet(MicroserviceRegisterTask.java:127)
[2018-06-01 16:02:01,695/CST][org.apache.servicecomb.demo.pojo.client.PojoClient.createUser-jmh-worker-16][INFO]read MicroserviceRegisterTask status is FINISHED org.apache.servicecomb.serviceregistry.task.ServiceCenterTask.onRegisterTask(ServiceCenterTask.java:51)
[2018-06-01 16:02:01,696/CST][org.apache.servicecomb.demo.pojo.client.PojoClient.createUser-jmh-worker-16][INFO]running microservice instance register task. org.apache.servicecomb.serviceregistry.task.MicroserviceInstanceRegisterTask.doRegister(MicroserviceInstanceRegisterTask.java:59)
[2018-06-01 16:02:01,777/CST][org.apache.servicecomb.demo.pojo.client.PojoClient.createUser-jmh-worker-16][INFO]Register microservice instance success. microserviceId=0fae58cd657211e8aa6e0242ac110002 instanceId=13323847657211e8aa6e0242ac110002 endpoints=[] lease 120s org.apache.servicecomb.serviceregistry.task.MicroserviceInstanceRegisterTask.doRegister(MicroserviceInstanceRegisterTask.java:77)
[2018-06-01 16:02:01,778/CST][org.apache.servicecomb.demo.pojo.client.PojoClient.createUser-jmh-worker-16][INFO]receive MicroserviceInstanceRegisterTask event, check instance Id... org.apache.servicecomb.core.CseApplicationListener$1.afterRegistryInstance(CseApplicationListener.java:170)
[2018-06-01 16:02:01,779/CST][org.apache.servicecomb.demo.pojo.client.PojoClient.createUser-jmh-worker-16][INFO]instance registry succeeds for the first time, will send AFTER_REGISTRY event. org.apache.servicecomb.core.CseApplicationListener$1.afterRegistryInstance(CseApplicationListener.java:172)
[2018-06-01 16:02:01,779/CST][org.apache.servicecomb.demo.pojo.client.PojoClient.createUser-jmh-worker-16][INFO]read MicroserviceInstanceRegisterTask status is FINISHED org.apache.servicecomb.serviceregistry.task.ServiceCenterTask.onRegisterTask(ServiceCenterTask.java:51)
[2018-06-01 16:02:01,868/CST][org.apache.servicecomb.demo.pojo.client.PojoClient.createUser-jmh-worker-1][INFO]create MicroserviceVersions, appId=codefirsttest, microserviceName=codefirst. org.apache.servicecomb.serviceregistry.consumer.MicroserviceVersions.<init>(MicroserviceVersions.java:73)
[2018-06-01 16:02:01,878/CST][registry-vert.x-eventloop-thread-2][INFO]watching microservice 0fae58cd657211e8aa6e0242ac110002 successfully, the chosen service center address is 127.0.0.1:30100 org.apache.servicecomb.serviceregistry.client.http.ServiceRegistryClientImpl.lambda$watch$8(ServiceRegistryClientImpl.java:534)
[2018-06-01 16:02:01,887/CST][org.apache.servicecomb.demo.pojo.client.PojoClient.createUser-jmh-worker-1][INFO]find instances[1] from service center success. service=codefirsttest/codefirst/0.0.0+ org.apache.servicecomb.serviceregistry.registry.AbstractServiceRegistry.findServiceInstances(AbstractServiceRegistry.java:274)
[2018-06-01 16:02:01,887/CST][org.apache.servicecomb.demo.pojo.client.PojoClient.createUser-jmh-worker-1][INFO]service id=f727b1a7657111e8aa6e0242ac110002, instance id=f730982e657111e8aa6e0242ac110002, endpoints=[rest://192.168.43.114:8080] org.apache.servicecomb.serviceregistry.registry.AbstractServiceRegistry.findServiceInstances(AbstractServiceRegistry.java:280)
[2018-06-01 16:02:01,898/CST][org.apache.servicecomb.demo.pojo.client.PojoClient.createUser-jmh-worker-1][INFO]create MicroserviceVersionRule, appId=codefirsttest, microserviceName=codefirst, versionRule=0.0.2. org.apache.servicecomb.serviceregistry.consumer.MicroserviceVersions.createAndInitMicroserviceVersionRule(MicroserviceVersions.java:185)
[2018-06-01 16:02:01,913/CST][org.apache.servicecomb.demo.pojo.client.PojoClient.createUser-jmh-worker-1][INFO]add microserviceVersion, appId=codefirsttest, microserviceName=codefirst, version=0.0.2, versionRule=0.0.2. org.apache.servicecomb.serviceregistry.consumer.MicroserviceVersionRule.addMicroserviceVersion(MicroserviceVersionRule.java:80)
[2018-06-01 16:02:01,917/CST][org.apache.servicecomb.demo.pojo.client.PojoClient.createUser-jmh-worker-1][INFO]set instances, appId=codefirsttest, microserviceName=codefirst, versionRule=0.0.2, instanceId=f730982e657111e8aa6e0242ac110002, endpoints=[rest://192.168.43.114:8080]. org.apache.servicecomb.serviceregistry.consumer.MicroserviceVersionRule.lambda$setInstances$1(MicroserviceVersionRule.java:146)
[2018-06-01 16:02:01,925/CST][org.apache.servicecomb.demo.pojo.client.PojoClient.createUser-jmh-worker-1][INFO]load schema from service center, microservice=codefirsttest:codefirst:0.0.2, schemaId=codeFirstHello, result=true org.apache.servicecomb.core.definition.schema.ConsumerSchemaFactory.loadSwagger(ConsumerSchemaFactory.java:145)
[2018-06-01 16:02:02,149/CST][org.apache.servicecomb.demo.pojo.client.PojoClient.createUser-jmh-worker-1][INFO]register schema codefirsttest/codefirst/codeFirstHello org.apache.servicecomb.core.definition.loader.SchemaLoader.registerSchema(SchemaLoader.java:91)
[2018-06-01 16:02:02,202/CST][org.apache.servicecomb.demo.pojo.client.PojoClient.createUser-jmh-worker-1][INFO]generate cse.gen.codefirsttest.codefirst.codeFirstHello.existUser.existUserBody in classLoader sun.misc.Launcher$AppClassLoader@34a245ab. org.apache.servicecomb.common.javassist.JavassistUtils.createClass(JavassistUtils.java:207)
[2018-06-01 16:02:02,219/CST][org.apache.servicecomb.demo.pojo.client.PojoClient.createUser-jmh-worker-1][INFO]generate cse.gen.codefirsttest.codefirst.codeFirstHello.getUser.getUserBody in classLoader sun.misc.Launcher$AppClassLoader@34a245ab. org.apache.servicecomb.common.javassist.JavassistUtils.createClass(JavassistUtils.java:207)
[2018-06-01 16:02:02,225/CST][org.apache.servicecomb.demo.pojo.client.PojoClient.createUser-jmh-worker-1][INFO]generate benchmark.bean.Page_benchmark.bean.User_ in classLoader sun.misc.Launcher$AppClassLoader@34a245ab. org.apache.servicecomb.common.javassist.JavassistUtils.createClass(JavassistUtils.java:207)
[2018-06-01 16:02:02,230/CST][org.apache.servicecomb.demo.pojo.client.PojoClient.createUser-jmh-worker-1][INFO]generate cse.gen.codefirsttest.codefirst.codeFirstHello.listUser.listUserBody in classLoader sun.misc.Launcher$AppClassLoader@34a245ab. org.apache.servicecomb.common.javassist.JavassistUtils.createClass(JavassistUtils.java:207)
[2018-06-01 16:02:02,277/CST][org.apache.servicecomb.demo.pojo.client.PojoClient.createUser-jmh-worker-1][INFO]generate cse.gen.codefirsttest.codefirst.codeFirstHello.CodeFirstPojoHelloImplIntf in classLoader sun.misc.Launcher$AppClassLoader@34a245ab. org.apache.servicecomb.common.javassist.JavassistUtils.createClass(JavassistUtils.java:207)
[2018-06-01 16:02:02,293/CST][org.apache.servicecomb.demo.pojo.client.PojoClient.createUser-jmh-worker-1][INFO]found DiscoveryFilter: org.apache.servicecomb.serviceregistry.discovery.DiscoveryTree.sort(DiscoveryTree.java:53)
[2018-06-01 16:02:02,294/CST][org.apache.servicecomb.demo.pojo.client.PojoClient.createUser-jmh-worker-1][INFO]DiscoveryFilter org.apache.servicecomb.core.filter.EndpointDiscoveryFilter. org.apache.servicecomb.serviceregistry.discovery.DiscoveryTree.sort(DiscoveryTree.java:55)
[2018-06-01 16:02:02,316/CST][org.apache.servicecomb.demo.pojo.client.PojoClient.createUser-jmh-worker-1][INFO]add schema to service paths. codefirsttest:codefirst:codeFirstHello. org.apache.servicecomb.common.rest.locator.ServicePathManager.addSchema(ServicePathManager.java:91)
[2018-06-01 16:02:02,318/CST][org.apache.servicecomb.demo.pojo.client.PojoClient.createUser-jmh-worker-1][INFO]Found schema ids from service center, codefirsttest:codefirst:0.0.2:[codeFirstHello] org.apache.servicecomb.core.definition.schema.ConsumerSchemaFactory.getOrCreateMicroserviceMeta(ConsumerSchemaFactory.java:102)
[2018-06-01 16:02:02,367/CST][org.apache.servicecomb.demo.pojo.client.PojoClient.createUser-jmh-worker-16][INFO]Create loadBalancer for 0.0.2/. org.apache.servicecomb.core.handler.impl.SimpleLoadBalanceHandler.lambda$handle$0(SimpleLoadBalanceHandler.java:72)
[2018-06-01 16:02:02,378/CST][org.apache.servicecomb.demo.pojo.client.PojoClient.createUser-jmh-worker-16][INFO]Found HttpClientFilter: org.apache.servicecomb.common.rest.filter.inner.ClientRestArgsFilter. org.apache.servicecomb.transport.rest.client.http.VertxHttpMethod.<clinit>(VertxHttpMethod.java:61)
[2018-06-01 16:02:02,379/CST][org.apache.servicecomb.demo.pojo.client.PojoClient.createUser-jmh-worker-16][INFO]Found HttpClientFilter: org.apache.servicecomb.transport.rest.client.http.DefaultHttpClientFilter. org.apache.servicecomb.transport.rest.client.http.VertxHttpMethod.<clinit>(VertxHttpMethod.java:61)
[2018-06-01 16:02:10,448/CST][Thread-3][INFO]Closing org.springframework.context.support.ClassPathXmlApplicationContext@1a407d53: startup date [Fri Jun 01 16:01:51 CST 2018]; root of context hierarchy org.springframework.context.support.AbstractApplicationContext.doClose(AbstractApplicationContext.java:987)
[2018-06-01 16:02:10,449/CST][Thread-5][INFO]Closing org.springframework.context.support.ClassPathXmlApplicationContext@6ddd2002: startup date [Fri Jun 01 16:01:57 CST 2018]; root of context hierarchy org.springframework.context.support.AbstractApplicationContext.doClose(AbstractApplicationContext.java:987)
[2018-06-01 16:02:10,449/CST][Thread-4][WARN]handler chain is shutting down org.apache.servicecomb.core.handler.ShutdownHookHandler.run(ShutdownHookHandler.java:84)
[2018-06-01 16:02:10,453/CST][Thread-4][WARN]handler chain is shut down org.apache.servicecomb.core.handler.ShutdownHookHandler.run(ShutdownHookHandler.java:95)
[2018-06-01 16:02:10,453/CST][Thread-3][WARN]cse is closing now... org.apache.servicecomb.core.CseApplicationListener.onApplicationEvent(CseApplicationListener.java:149)
[2018-06-01 16:02:10,455/CST][Thread-3][INFO]service center task is shutdown. org.apache.servicecomb.serviceregistry.registry.RemoteServiceRegistry.onShutdown(RemoteServiceRegistry.java:72)
[2018-06-01 16:02:10,462/CST][Thread-3][INFO]Unregister microservice instance success. microserviceId=0fae58cd657211e8aa6e0242ac110002 instanceId=0fb08fa6657211e8aa6e0242ac110002 org.apache.servicecomb.serviceregistry.registry.AbstractServiceRegistry.unregisterInstance(AbstractServiceRegistry.java:237)
[2018-06-01 16:02:10,480/CST][Thread-5][WARN]cse is closing now... org.apache.servicecomb.core.CseApplicationListener.onApplicationEvent(CseApplicationListener.java:149)
[2018-06-01 16:02:10,450/CST][Thread-6][WARN]handler chain is shutting down org.apache.servicecomb.core.handler.ShutdownHookHandler.run(ShutdownHookHandler.java:84)
[2018-06-01 16:02:10,485/CST][Thread-5][INFO]service center task is shutdown. org.apache.servicecomb.serviceregistry.registry.RemoteServiceRegistry.onShutdown(RemoteServiceRegistry.java:72)
[2018-06-01 16:02:10,492/CST][Thread-5][INFO]Unregister microservice instance success. microserviceId=0fae58cd657211e8aa6e0242ac110002 instanceId=13323847657211e8aa6e0242ac110002 org.apache.servicecomb.serviceregistry.registry.AbstractServiceRegistry.unregisterInstance(AbstractServiceRegistry.java:237)
[2018-06-01 16:02:20,488/CST][Thread-6][WARN]waiting invocation to finish in seconds 10 org.apache.servicecomb.core.handler.ShutdownHookHandler.run(ShutdownHookHandler.java:93)
[2018-06-01 16:02:20,489/CST][Thread-6][WARN]handler chain is shut down org.apache.servicecomb.core.handler.ShutdownHookHandler.run(ShutdownHookHandler.java:95)
