[2018-05-31 19:54:40,698/CST][main][ERROR]Can not output merged.log4j.properties,because can not write to directory of file file:/Volumes/256G/imlidian/rpc_performance_test/demo-pojo/pojo-client/target/lib/foundation-common-1.0.0-m2-SNAPSHOT.jar!/config/base/log4j.properties org.apache.servicecomb.foundation.common.utils.Log4jUtils.outputFile(Log4jUtils.java:95)
[2018-05-31 19:54:40,756/CST][main][INFO]Refreshing org.springframework.context.support.ClassPathXmlApplicationContext@1a407d53: startup date [Thu May 31 19:54:40 CST 2018]; root of context hierarchy org.springframework.context.support.AbstractApplicationContext.prepareRefresh(AbstractApplicationContext.java:583)
[2018-05-31 19:54:40,850/CST][main][INFO]Loading XML bean definitions from URL [jar:file:/Volumes/256G/imlidian/rpc_performance_test/demo-pojo/pojo-client/target/servicecomb-pojo-client-round-2.jar!/META-INF/spring/pojo.client.bean.xml] org.springframework.beans.factory.xml.XmlBeanDefinitionReader.loadBeanDefinitions(XmlBeanDefinitionReader.java:317)
[2018-05-31 19:54:41,013/CST][main][INFO]Loading XML bean definitions from URL [jar:file:/Volumes/256G/imlidian/rpc_performance_test/demo-pojo/pojo-client/target/lib/transport-rest-client-1.0.0-m2-SNAPSHOT.jar!/META-INF/spring/cse.transport.rest.bean.xml] org.springframework.beans.factory.xml.XmlBeanDefinitionReader.loadBeanDefinitions(XmlBeanDefinitionReader.java:317)
[2018-05-31 19:54:41,057/CST][main][INFO]Loading XML bean definitions from URL [jar:file:/Volumes/256G/imlidian/rpc_performance_test/demo-pojo/pojo-client/target/lib/java-chassis-core-1.0.0-m2-SNAPSHOT.jar!/META-INF/spring/cse.bean.xml] org.springframework.beans.factory.xml.XmlBeanDefinitionReader.loadBeanDefinitions(XmlBeanDefinitionReader.java:317)
[2018-05-31 19:54:41,686/CST][main][INFO]Loading XML bean definitions from URL [jar:file:/Volumes/256G/imlidian/rpc_performance_test/demo-pojo/pojo-client/target/lib/foundation-config-1.0.0-m2-SNAPSHOT.jar!/META-INF/spring/cse.bean.xml] org.springframework.beans.factory.xml.XmlBeanDefinitionReader.loadBeanDefinitions(XmlBeanDefinitionReader.java:317)
[2018-05-31 19:54:41,725/CST][main][INFO]Loading XML bean definitions from URL [jar:file:/Volumes/256G/imlidian/rpc_performance_test/demo-pojo/pojo-client/target/lib/foundation-vertx-1.0.0-m2-SNAPSHOT.jar!/META-INF/spring/cse.bean.xml] org.springframework.beans.factory.xml.XmlBeanDefinitionReader.loadBeanDefinitions(XmlBeanDefinitionReader.java:317)
[2018-05-31 19:54:41,761/CST][main][INFO]Loading XML bean definitions from URL [jar:file:/Volumes/256G/imlidian/rpc_performance_test/demo-pojo/pojo-client/target/lib/foundation-common-1.0.0-m2-SNAPSHOT.jar!/META-INF/spring/common.bean.xml] org.springframework.beans.factory.xml.XmlBeanDefinitionReader.loadBeanDefinitions(XmlBeanDefinitionReader.java:317)
[2018-05-31 19:54:42,172/CST][main][INFO]Environment received, will get configurations from [org.springframework.core.env.StandardEnvironment@579294521]. org.apache.servicecomb.config.ConfigurationSpringInitializer.setEnvironment(ConfigurationSpringInitializer.java:59)
[2018-05-31 19:54:42,207/CST][main][WARN]No URLs will be polled as dynamic configuration sources. com.netflix.config.sources.URLConfigurationSource.<init>(URLConfigurationSource.java:121)
[2018-05-31 19:54:42,208/CST][main][INFO]To enable URLs as dynamic configuration sources, define System property archaius.configurationSource.additionalUrls or make config.properties available on classpath. com.netflix.config.sources.URLConfigurationSource.<init>(URLConfigurationSource.java:122)
[2018-05-31 19:54:42,316/CST][main][INFO]create local config: org.apache.servicecomb.config.ConfigUtil.createLocalConfig(ConfigUtil.java:114)
[2018-05-31 19:54:42,317/CST][main][INFO] jar:file:/Volumes/256G/imlidian/rpc_performance_test/demo-pojo/pojo-client/target/lib/java-chassis-core-1.0.0-m2-SNAPSHOT.jar!/microservice.yaml. org.apache.servicecomb.config.ConfigUtil.createLocalConfig(ConfigUtil.java:116)
[2018-05-31 19:54:42,317/CST][main][INFO] jar:file:/Volumes/256G/imlidian/rpc_performance_test/demo-pojo/pojo-client/target/servicecomb-pojo-client-round-2.jar!/microservice.yaml. org.apache.servicecomb.config.ConfigUtil.createLocalConfig(ConfigUtil.java:116)
[2018-05-31 19:54:42,353/CST][main][INFO]Found SPI service org.apache.servicecomb.config.spi.ConfigCenterConfigurationSource, count=0. org.apache.servicecomb.foundation.common.utils.SPIServiceUtils.loadSortedService(SPIServiceUtils.java:76)
[2018-05-31 19:54:42,353/CST][main][INFO]Can not find SPI service for org.apache.servicecomb.config.spi.ConfigCenterConfigurationSource org.apache.servicecomb.foundation.common.utils.SPIServiceUtils.getTargetService(SPIServiceUtils.java:107)
[2018-05-31 19:54:42,355/CST][main][INFO]config center SPI service can not find, skip to load configuration from config center org.apache.servicecomb.config.ConfigUtil.createConfigCenterConfigurationSource(ConfigUtil.java:189)
[2018-05-31 19:54:42,804/CST][main][INFO]JSR-330 'javax.inject.Inject' annotation found and supported for autowiring org.springframework.beans.factory.annotation.AutowiredAnnotationBeanPostProcessor.<init>(AutowiredAnnotationBeanPostProcessor.java:155)
[2018-05-31 19:54:43,295/CST][main][INFO]Found SPI service org.apache.servicecomb.swagger.generator.core.CommonParameterTypeProcessor, count=2. org.apache.servicecomb.foundation.common.utils.SPIServiceUtils.loadSortedService(SPIServiceUtils.java:76)
[2018-05-31 19:54:43,296/CST][main][INFO]  0. org.apache.servicecomb.swagger.invocation.generator.InvocationContextProcessor. org.apache.servicecomb.foundation.common.utils.SPIServiceUtils.loadSortedService(SPIServiceUtils.java:79)
[2018-05-31 19:54:43,297/CST][main][INFO]  1. org.apache.servicecomb.swagger.generator.core.processor.parametertype.HttpServletRequestProcessor. org.apache.servicecomb.foundation.common.utils.SPIServiceUtils.loadSortedService(SPIServiceUtils.java:79)
[2018-05-31 19:54:43,301/CST][main][INFO]Found SPI service org.apache.servicecomb.swagger.generator.core.ResponseTypeProcessor, count=1. org.apache.servicecomb.foundation.common.utils.SPIServiceUtils.loadSortedService(SPIServiceUtils.java:76)
[2018-05-31 19:54:43,302/CST][main][INFO]  0. org.apache.servicecomb.swagger.generator.core.processor.response.CompletableFutureProcessor. org.apache.servicecomb.foundation.common.utils.SPIServiceUtils.loadSortedService(SPIServiceUtils.java:79)
[2018-05-31 19:54:43,304/CST][main][INFO]Found SPI service org.apache.servicecomb.swagger.generator.core.SwaggerGeneratorContext, count=1. org.apache.servicecomb.foundation.common.utils.SPIServiceUtils.loadSortedService(SPIServiceUtils.java:76)
[2018-05-31 19:54:43,305/CST][main][INFO]  0. org.apache.servicecomb.swagger.generator.pojo.PojoSwaggerGeneratorContext. org.apache.servicecomb.foundation.common.utils.SPIServiceUtils.loadSortedService(SPIServiceUtils.java:79)
[2018-05-31 19:54:43,317/CST][main][INFO]Found SPI service org.apache.servicecomb.swagger.invocation.response.producer.ProducerResponseMapperFactory, count=3. org.apache.servicecomb.foundation.common.utils.SPIServiceUtils.loadSortedService(SPIServiceUtils.java:76)
[2018-05-31 19:54:43,317/CST][main][INFO]  0. org.apache.servicecomb.swagger.invocation.response.producer.CseResponseProducerResponseMapperFactory. org.apache.servicecomb.foundation.common.utils.SPIServiceUtils.loadSortedService(SPIServiceUtils.java:79)
[2018-05-31 19:54:43,318/CST][main][INFO]  1. org.apache.servicecomb.swagger.invocation.response.producer.CompletableFutureProducerResponseMapperFactory. org.apache.servicecomb.foundation.common.utils.SPIServiceUtils.loadSortedService(SPIServiceUtils.java:79)
[2018-05-31 19:54:43,318/CST][main][INFO]  2. org.apache.servicecomb.swagger.invocation.response.producer.DefaultProducerResponseMapperFactory. org.apache.servicecomb.foundation.common.utils.SPIServiceUtils.loadSortedService(SPIServiceUtils.java:79)
[2018-05-31 19:54:43,323/CST][main][INFO]Found SPI service org.apache.servicecomb.swagger.invocation.response.consumer.ConsumerResponseMapperFactory, count=3. org.apache.servicecomb.foundation.common.utils.SPIServiceUtils.loadSortedService(SPIServiceUtils.java:76)
[2018-05-31 19:54:43,324/CST][main][INFO]  0. org.apache.servicecomb.swagger.invocation.response.consumer.CseResponseConsumerResponseMapperFactory. org.apache.servicecomb.foundation.common.utils.SPIServiceUtils.loadSortedService(SPIServiceUtils.java:79)
[2018-05-31 19:54:43,324/CST][main][INFO]  1. org.apache.servicecomb.swagger.invocation.response.consumer.CompletableFutureConsumerResponseMapperFactory. org.apache.servicecomb.foundation.common.utils.SPIServiceUtils.loadSortedService(SPIServiceUtils.java:79)
[2018-05-31 19:54:43,325/CST][main][INFO]  2. org.apache.servicecomb.swagger.invocation.response.consumer.DefaultConsumerResponseMapperFactory. org.apache.servicecomb.foundation.common.utils.SPIServiceUtils.loadSortedService(SPIServiceUtils.java:79)
[2018-05-31 19:54:43,435/CST][main][INFO]load microservice config, name=codefirstClient, paths=[jar:file:/Volumes/256G/imlidian/rpc_performance_test/demo-pojo/pojo-client/target/lib/java-chassis-core-1.0.0-m2-SNAPSHOT.jar!/microservice.yaml, jar:file:/Volumes/256G/imlidian/rpc_performance_test/demo-pojo/pojo-client/target/servicecomb-pojo-client-round-2.jar!/microservice.yaml] org.apache.servicecomb.serviceregistry.definition.MicroserviceDefinition.logConfigPath(MicroserviceDefinition.java:142)
[2018-05-31 19:54:43,494/CST][main][INFO]It is running in the normal mode, a separated service registry is required org.apache.servicecomb.serviceregistry.registry.ServiceRegistryFactory.create(ServiceRegistryFactory.java:81)
[2018-05-31 19:54:43,519/CST][main][INFO]microserviceVersionFactory is org.apache.servicecomb.core.definition.PrivateMicroserviceVersionMetaFactory. org.apache.servicecomb.serviceregistry.registry.AbstractServiceRegistry.initAppManager(AbstractServiceRegistry.java:125)
[2018-05-31 19:54:43,525/CST][main][INFO]add network interface name:wc6,host address:169.254.80.44 org.apache.servicecomb.foundation.common.net.NetUtils.doGetIpv4AddressFromNetworkInterface(NetUtils.java:114)
[2018-05-31 19:54:43,525/CST][main][INFO]add network interface name:en1,host address:192.168.4.100 org.apache.servicecomb.foundation.common.net.NetUtils.doGetIpv4AddressFromNetworkInterface(NetUtils.java:114)
[2018-05-31 19:54:43,526/CST][main][INFO]add network interface name:en0,host address:169.254.157.195 org.apache.servicecomb.foundation.common.net.NetUtils.doGetIpv4AddressFromNetworkInterface(NetUtils.java:114)
[2018-05-31 19:54:43,738/CST][main][INFO]add host name from localhost:DeanMacbook.local,host address:169.254.157.195 org.apache.servicecomb.foundation.common.net.NetUtils.<clinit>(NetUtils.java:72)
[2018-05-31 19:54:44,744/CST][main][INFO]executor group 2, thread per group 4. org.apache.servicecomb.core.executor.FixedThreadExecutor.<init>(FixedThreadExecutor.java:54)
[2018-05-31 19:54:44,886/CST][main][INFO]choose org.apache.servicecomb.transport.rest.vertx.VertxRestTransport for rest. org.apache.servicecomb.core.transport.TransportManager.chooseOneTransport(TransportManager.java:84)
[2018-05-31 19:54:44,887/CST][main][INFO]choose org.apache.servicecomb.transport.highway.HighwayTransport for highway. org.apache.servicecomb.core.transport.TransportManager.chooseOneTransport(TransportManager.java:84)
[2018-05-31 19:54:44,896/CST][main][INFO]Found SPI service org.apache.servicecomb.common.rest.filter.HttpClientFilter, count=2. org.apache.servicecomb.foundation.common.utils.SPIServiceUtils.loadSortedService(SPIServiceUtils.java:76)
[2018-05-31 19:54:44,897/CST][main][INFO]  0. org.apache.servicecomb.common.rest.filter.inner.ClientRestArgsFilter. org.apache.servicecomb.foundation.common.utils.SPIServiceUtils.loadSortedService(SPIServiceUtils.java:79)
[2018-05-31 19:54:44,897/CST][main][INFO]  1. org.apache.servicecomb.transport.rest.client.http.DefaultHttpClientFilter. org.apache.servicecomb.foundation.common.utils.SPIServiceUtils.loadSortedService(SPIServiceUtils.java:79)
[2018-05-31 19:54:45,196/CST][transport-vert.x-eventloop-thread-4][WARN]rest listen address is not configured, will not start. org.apache.servicecomb.transport.rest.vertx.RestServerVerticle.start(RestServerVerticle.java:66)
[2018-05-31 19:54:45,212/CST][transport-vert.x-eventloop-thread-0][WARN]highway listen address is not configured, will not listen. org.apache.servicecomb.transport.highway.HighwayServerVerticle.startListen(HighwayServerVerticle.java:64)
[2018-05-31 19:54:45,219/CST][main][INFO]running microservice register task. org.apache.servicecomb.serviceregistry.task.MicroserviceRegisterTask.doRegister(MicroserviceRegisterTask.java:70)
[2018-05-31 19:54:45,228/CST][registry-vert.x-eventloop-thread-0][WARN]get response for org.apache.servicecomb.serviceregistry.api.response.GetExistenceResponse failed, 400:Bad Request, Service does not exist. org.apache.servicecomb.serviceregistry.client.http.ServiceRegistryClientImpl.lambda$null$0(ServiceRegistryClientImpl.java:121)
[2018-05-31 19:54:45,310/CST][main][INFO]Registry Microservice successfully. id=780963f064c911e89b0d0242ac110002 appId=codefirsttest, name=codefirstClient, version=0.0.2, schemaIds=[] org.apache.servicecomb.serviceregistry.task.MicroserviceRegisterTask.doRegister(MicroserviceRegisterTask.java:103)
[2018-05-31 19:54:45,315/CST][registry-vert.x-eventloop-thread-0][WARN]get response for org.apache.servicecomb.serviceregistry.api.response.GetSchemasResponse failed, 405:Method Not Allowed, Method Not Allowed
 org.apache.servicecomb.serviceregistry.client.http.ServiceRegistryClientImpl.lambda$null$0(ServiceRegistryClientImpl.java:121)
[2018-05-31 19:54:45,322/CST][main][INFO]read MicroserviceRegisterTask status is FINISHED org.apache.servicecomb.serviceregistry.task.ServiceCenterTask.onRegisterTask(ServiceCenterTask.java:51)
[2018-05-31 19:54:45,323/CST][main][INFO]running microservice instance register task. org.apache.servicecomb.serviceregistry.task.MicroserviceInstanceRegisterTask.doRegister(MicroserviceInstanceRegisterTask.java:59)
[2018-05-31 19:54:45,345/CST][main][INFO]Register microservice instance success. microserviceId=780963f064c911e89b0d0242ac110002 instanceId=780dc28c64c911e89b0d0242ac110002 endpoints=[] lease 120s org.apache.servicecomb.serviceregistry.task.MicroserviceInstanceRegisterTask.doRegister(MicroserviceInstanceRegisterTask.java:77)
[2018-05-31 19:54:45,346/CST][main][INFO]receive MicroserviceInstanceRegisterTask event, check instance Id... org.apache.servicecomb.core.SCBEngine$1.afterRegistryInstance(SCBEngine.java:151)
[2018-05-31 19:54:45,346/CST][main][INFO]instance registry succeeds for the first time, will send AFTER_REGISTRY event. org.apache.servicecomb.core.SCBEngine$1.afterRegistryInstance(SCBEngine.java:153)
[2018-05-31 19:54:45,348/CST][main][INFO]read MicroserviceInstanceRegisterTask status is FINISHED org.apache.servicecomb.serviceregistry.task.ServiceCenterTask.onRegisterTask(ServiceCenterTask.java:51)
[2018-05-31 19:54:45,468/CST][main][INFO]create MicroserviceVersions, appId=codefirsttest, microserviceName=codefirst. org.apache.servicecomb.serviceregistry.consumer.MicroserviceVersions.<init>(MicroserviceVersions.java:75)
[2018-05-31 19:54:45,477/CST][registry-vert.x-eventloop-thread-2][INFO]watching microservice 780963f064c911e89b0d0242ac110002 successfully, the chosen service center address is localhost:30100 org.apache.servicecomb.serviceregistry.client.http.ServiceRegistryClientImpl.lambda$watch$8(ServiceRegistryClientImpl.java:564)
[2018-05-31 19:54:45,522/CST][main][INFO]find instances[1] from service center success. service=codefirsttest/codefirst/0.0.0+, old revision=null, new revision=null org.apache.servicecomb.serviceregistry.registry.AbstractServiceRegistry.findServiceInstances(AbstractServiceRegistry.java:254)
[2018-05-31 19:54:45,522/CST][main][INFO]service id=6b34bc8464c911e89b0d0242ac110002, instance id=6b3ec24f64c911e89b0d0242ac110002, endpoints=[rest://169.254.157.195:8080] org.apache.servicecomb.serviceregistry.registry.AbstractServiceRegistry.findServiceInstances(AbstractServiceRegistry.java:262)
[2018-05-31 19:54:45,538/CST][main][INFO]create classloader for microservice codefirsttest:codefirst:0.0.2. org.apache.servicecomb.core.definition.classloader.MicroserviceClassLoader.<init>(MicroserviceClassLoader.java:40)
[2018-05-31 19:54:45,548/CST][main][INFO]load schema from service center, microservice=codefirsttest:codefirst:0.0.2, schemaId=codeFirstHello, result=true org.apache.servicecomb.core.definition.schema.ConsumerSchemaFactory.loadSwagger(ConsumerSchemaFactory.java:69)
[2018-05-31 19:54:45,721/CST][main][INFO]register schema codefirsttest/codefirst/codeFirstHello org.apache.servicecomb.core.definition.loader.SchemaLoader.registerSchema(SchemaLoader.java:91)
[2018-05-31 19:54:45,781/CST][main][INFO]create CtClass cse.gen.codefirsttest.codefirst.codeFirstHello.existUserBody in classLoader MicroserviceClassLoader codefirsttest:codefirst:0.0.2. org.apache.servicecomb.common.javassist.JavassistUtils.createCtClass(JavassistUtils.java:188)
[2018-05-31 19:54:45,785/CST][main][INFO]create CtClass cse.gen.codefirsttest.codefirst.codeFirstHello.getUserBody in classLoader MicroserviceClassLoader codefirsttest:codefirst:0.0.2. org.apache.servicecomb.common.javassist.JavassistUtils.createCtClass(JavassistUtils.java:188)
[2018-05-31 19:54:45,788/CST][main][INFO]create CtClass cse.gen.codefirsttest.codefirst.codeFirstHello.listUserBody in classLoader MicroserviceClassLoader codefirsttest:codefirst:0.0.2. org.apache.servicecomb.common.javassist.JavassistUtils.createCtClass(JavassistUtils.java:188)
[2018-05-31 19:54:45,808/CST][main][INFO]create class cse.gen.codefirsttest.codefirst.codeFirstHello.existUserBody in classLoader MicroserviceClassLoader codefirsttest:codefirst:0.0.2. org.apache.servicecomb.common.javassist.JavassistUtils.createClass(JavassistUtils.java:224)
[2018-05-31 19:54:45,809/CST][main][INFO]create class cse.gen.codefirsttest.codefirst.codeFirstHello.listUserBody in classLoader MicroserviceClassLoader codefirsttest:codefirst:0.0.2. org.apache.servicecomb.common.javassist.JavassistUtils.createClass(JavassistUtils.java:224)
[2018-05-31 19:54:45,811/CST][main][INFO]create class cse.gen.codefirsttest.codefirst.codeFirstHello.getUserBody in classLoader MicroserviceClassLoader codefirsttest:codefirst:0.0.2. org.apache.servicecomb.common.javassist.JavassistUtils.createClass(JavassistUtils.java:224)
[2018-05-31 19:54:45,859/CST][main][INFO]create CtClass cse.gen.codefirsttest.codefirst.codeFirstHello.CodeFirstPojoHelloImplIntf in classLoader MicroserviceClassLoader codefirsttest:codefirst:0.0.2. org.apache.servicecomb.common.javassist.JavassistUtils.createCtClass(JavassistUtils.java:188)
[2018-05-31 19:54:45,860/CST][main][INFO]create class cse.gen.codefirsttest.codefirst.codeFirstHello.CodeFirstPojoHelloImplIntf in classLoader MicroserviceClassLoader codefirsttest:codefirst:0.0.2. org.apache.servicecomb.common.javassist.JavassistUtils.createClass(JavassistUtils.java:224)
[2018-05-31 19:54:45,870/CST][main][INFO]Found SPI service org.apache.servicecomb.serviceregistry.discovery.DiscoveryFilter, count=1. org.apache.servicecomb.foundation.common.utils.SPIServiceUtils.loadSortedService(SPIServiceUtils.java:76)
[2018-05-31 19:54:45,870/CST][main][INFO]  0. org.apache.servicecomb.core.filter.OperationInstancesDiscoveryFilter. org.apache.servicecomb.foundation.common.utils.SPIServiceUtils.loadSortedService(SPIServiceUtils.java:79)
[2018-05-31 19:54:45,873/CST][main][INFO]sort DiscoveryFilter: org.apache.servicecomb.serviceregistry.discovery.DiscoveryTree.sort(DiscoveryTree.java:53)
[2018-05-31 19:54:45,874/CST][main][INFO]DiscoveryFilter org.apache.servicecomb.core.filter.OperationInstancesDiscoveryFilter. org.apache.servicecomb.serviceregistry.discovery.DiscoveryTree.sort(DiscoveryTree.java:55)
[2018-05-31 19:54:45,874/CST][main][INFO]DiscoveryFilter org.apache.servicecomb.core.filter.EndpointDiscoveryFilter. org.apache.servicecomb.serviceregistry.discovery.DiscoveryTree.sort(DiscoveryTree.java:55)
[2018-05-31 19:54:45,893/CST][main][INFO]add schema to service paths. codefirsttest:codefirst:codeFirstHello. org.apache.servicecomb.common.rest.locator.ServicePathManager.addSchema(ServicePathManager.java:91)
[2018-05-31 19:54:45,897/CST][main][INFO]create MicroserviceVersionRule, appId=codefirsttest, microserviceName=codefirst, versionRule=0.0.2. org.apache.servicecomb.serviceregistry.consumer.MicroserviceVersions.createAndInitMicroserviceVersionRule(MicroserviceVersions.java:205)
[2018-05-31 19:54:45,914/CST][main][INFO]latestVersion changed from null to 0.0.2, appId=codefirsttest, microserviceName=codefirst, versionRule=0.0.2. org.apache.servicecomb.serviceregistry.consumer.MicroserviceVersionRule.resetLatestVersion(MicroserviceVersionRule.java:121)
[2018-05-31 19:54:45,915/CST][main][INFO]add microserviceVersion, appId=codefirsttest, microserviceName=codefirst, version=0.0.2, versionRule=0.0.2. org.apache.servicecomb.serviceregistry.consumer.MicroserviceVersionRule.addMicroserviceVersion(MicroserviceVersionRule.java:89)
[2018-05-31 19:54:45,921/CST][main][INFO]set instances, appId=codefirsttest, microserviceName=codefirst, versionRule=0.0.2, instanceId=6b3ec24f64c911e89b0d0242ac110002, version=0.0.2, endpoints=[rest://169.254.157.195:8080]. org.apache.servicecomb.serviceregistry.consumer.MicroserviceVersionRule.lambda$setInstances$0(MicroserviceVersionRule.java:161)
[2018-05-31 19:54:45,939/CST][main][INFO]Found SPI service javax.ws.rs.core.Response$StatusType, count=0. org.apache.servicecomb.foundation.common.utils.SPIServiceUtils.loadSortedService(SPIServiceUtils.java:76)
[2018-05-31 19:54:45,956/CST][main][INFO]Create loadBalancer for 0.0.2/0.0.2+/. org.apache.servicecomb.core.handler.impl.SimpleLoadBalanceHandler.lambda$handle$0(SimpleLoadBalanceHandler.java:72)
[2018-05-31 19:54:47,148/CST][org.apache.servicecomb.demo.pojo.client.PojoClient.createUser-jmh-worker-14][ERROR]Can not output merged.log4j.properties,because can not write to directory of file file:/Volumes/256G/imlidian/rpc_performance_test/demo-pojo/pojo-client/target/lib/foundation-common-1.0.0-m2-SNAPSHOT.jar!/config/base/log4j.properties org.apache.servicecomb.foundation.common.utils.Log4jUtils.outputFile(Log4jUtils.java:95)
[2018-05-31 19:54:47,210/CST][org.apache.servicecomb.demo.pojo.client.PojoClient.createUser-jmh-worker-14][INFO]Refreshing org.springframework.context.support.ClassPathXmlApplicationContext@38213741: startup date [Thu May 31 19:54:47 CST 2018]; root of context hierarchy org.springframework.context.support.AbstractApplicationContext.prepareRefresh(AbstractApplicationContext.java:583)
[2018-05-31 19:54:47,313/CST][org.apache.servicecomb.demo.pojo.client.PojoClient.createUser-jmh-worker-14][INFO]Loading XML bean definitions from URL [jar:file:/Volumes/256G/imlidian/rpc_performance_test/demo-pojo/pojo-client/target/servicecomb-pojo-client-round-2.jar!/META-INF/spring/pojo.client.bean.xml] org.springframework.beans.factory.xml.XmlBeanDefinitionReader.loadBeanDefinitions(XmlBeanDefinitionReader.java:317)
[2018-05-31 19:54:47,472/CST][org.apache.servicecomb.demo.pojo.client.PojoClient.createUser-jmh-worker-14][INFO]Loading XML bean definitions from URL [jar:file:/Volumes/256G/imlidian/rpc_performance_test/demo-pojo/pojo-client/target/lib/transport-rest-client-1.0.0-m2-SNAPSHOT.jar!/META-INF/spring/cse.transport.rest.bean.xml] org.springframework.beans.factory.xml.XmlBeanDefinitionReader.loadBeanDefinitions(XmlBeanDefinitionReader.java:317)
[2018-05-31 19:54:47,510/CST][org.apache.servicecomb.demo.pojo.client.PojoClient.createUser-jmh-worker-14][INFO]Loading XML bean definitions from URL [jar:file:/Volumes/256G/imlidian/rpc_performance_test/demo-pojo/pojo-client/target/lib/java-chassis-core-1.0.0-m2-SNAPSHOT.jar!/META-INF/spring/cse.bean.xml] org.springframework.beans.factory.xml.XmlBeanDefinitionReader.loadBeanDefinitions(XmlBeanDefinitionReader.java:317)
[2018-05-31 19:54:48,106/CST][org.apache.servicecomb.demo.pojo.client.PojoClient.createUser-jmh-worker-14][INFO]Loading XML bean definitions from URL [jar:file:/Volumes/256G/imlidian/rpc_performance_test/demo-pojo/pojo-client/target/lib/foundation-config-1.0.0-m2-SNAPSHOT.jar!/META-INF/spring/cse.bean.xml] org.springframework.beans.factory.xml.XmlBeanDefinitionReader.loadBeanDefinitions(XmlBeanDefinitionReader.java:317)
[2018-05-31 19:54:48,133/CST][org.apache.servicecomb.demo.pojo.client.PojoClient.createUser-jmh-worker-14][INFO]Loading XML bean definitions from URL [jar:file:/Volumes/256G/imlidian/rpc_performance_test/demo-pojo/pojo-client/target/lib/foundation-vertx-1.0.0-m2-SNAPSHOT.jar!/META-INF/spring/cse.bean.xml] org.springframework.beans.factory.xml.XmlBeanDefinitionReader.loadBeanDefinitions(XmlBeanDefinitionReader.java:317)
[2018-05-31 19:54:48,176/CST][org.apache.servicecomb.demo.pojo.client.PojoClient.createUser-jmh-worker-14][INFO]Loading XML bean definitions from URL [jar:file:/Volumes/256G/imlidian/rpc_performance_test/demo-pojo/pojo-client/target/lib/foundation-common-1.0.0-m2-SNAPSHOT.jar!/META-INF/spring/common.bean.xml] org.springframework.beans.factory.xml.XmlBeanDefinitionReader.loadBeanDefinitions(XmlBeanDefinitionReader.java:317)
[2018-05-31 19:54:48,577/CST][org.apache.servicecomb.demo.pojo.client.PojoClient.createUser-jmh-worker-14][INFO]Environment received, will get configurations from [org.springframework.core.env.StandardEnvironment@1871549795]. org.apache.servicecomb.config.ConfigurationSpringInitializer.setEnvironment(ConfigurationSpringInitializer.java:59)
[2018-05-31 19:54:48,618/CST][org.apache.servicecomb.demo.pojo.client.PojoClient.createUser-jmh-worker-14][WARN]No URLs will be polled as dynamic configuration sources. com.netflix.config.sources.URLConfigurationSource.<init>(URLConfigurationSource.java:121)
[2018-05-31 19:54:48,619/CST][org.apache.servicecomb.demo.pojo.client.PojoClient.createUser-jmh-worker-14][INFO]To enable URLs as dynamic configuration sources, define System property archaius.configurationSource.additionalUrls or make config.properties available on classpath. com.netflix.config.sources.URLConfigurationSource.<init>(URLConfigurationSource.java:122)
[2018-05-31 19:54:48,703/CST][org.apache.servicecomb.demo.pojo.client.PojoClient.createUser-jmh-worker-14][INFO]create local config: org.apache.servicecomb.config.ConfigUtil.createLocalConfig(ConfigUtil.java:114)
[2018-05-31 19:54:48,704/CST][org.apache.servicecomb.demo.pojo.client.PojoClient.createUser-jmh-worker-14][INFO] jar:file:/Volumes/256G/imlidian/rpc_performance_test/demo-pojo/pojo-client/target/lib/java-chassis-core-1.0.0-m2-SNAPSHOT.jar!/microservice.yaml. org.apache.servicecomb.config.ConfigUtil.createLocalConfig(ConfigUtil.java:116)
[2018-05-31 19:54:48,704/CST][org.apache.servicecomb.demo.pojo.client.PojoClient.createUser-jmh-worker-14][INFO] jar:file:/Volumes/256G/imlidian/rpc_performance_test/demo-pojo/pojo-client/target/servicecomb-pojo-client-round-2.jar!/microservice.yaml. org.apache.servicecomb.config.ConfigUtil.createLocalConfig(ConfigUtil.java:116)
[2018-05-31 19:54:48,744/CST][org.apache.servicecomb.demo.pojo.client.PojoClient.createUser-jmh-worker-14][INFO]Found SPI service org.apache.servicecomb.config.spi.ConfigCenterConfigurationSource, count=0. org.apache.servicecomb.foundation.common.utils.SPIServiceUtils.loadSortedService(SPIServiceUtils.java:76)
[2018-05-31 19:54:48,745/CST][org.apache.servicecomb.demo.pojo.client.PojoClient.createUser-jmh-worker-14][INFO]Can not find SPI service for org.apache.servicecomb.config.spi.ConfigCenterConfigurationSource org.apache.servicecomb.foundation.common.utils.SPIServiceUtils.getTargetService(SPIServiceUtils.java:107)
[2018-05-31 19:54:48,747/CST][org.apache.servicecomb.demo.pojo.client.PojoClient.createUser-jmh-worker-14][INFO]config center SPI service can not find, skip to load configuration from config center org.apache.servicecomb.config.ConfigUtil.createConfigCenterConfigurationSource(ConfigUtil.java:189)
[2018-05-31 19:54:49,255/CST][org.apache.servicecomb.demo.pojo.client.PojoClient.createUser-jmh-worker-14][INFO]JSR-330 'javax.inject.Inject' annotation found and supported for autowiring org.springframework.beans.factory.annotation.AutowiredAnnotationBeanPostProcessor.<init>(AutowiredAnnotationBeanPostProcessor.java:155)
[2018-05-31 19:54:49,667/CST][org.apache.servicecomb.demo.pojo.client.PojoClient.createUser-jmh-worker-14][INFO]Found SPI service org.apache.servicecomb.swagger.generator.core.CommonParameterTypeProcessor, count=2. org.apache.servicecomb.foundation.common.utils.SPIServiceUtils.loadSortedService(SPIServiceUtils.java:76)
[2018-05-31 19:54:49,668/CST][org.apache.servicecomb.demo.pojo.client.PojoClient.createUser-jmh-worker-14][INFO]  0. org.apache.servicecomb.swagger.invocation.generator.InvocationContextProcessor. org.apache.servicecomb.foundation.common.utils.SPIServiceUtils.loadSortedService(SPIServiceUtils.java:79)
[2018-05-31 19:54:49,668/CST][org.apache.servicecomb.demo.pojo.client.PojoClient.createUser-jmh-worker-14][INFO]  1. org.apache.servicecomb.swagger.generator.core.processor.parametertype.HttpServletRequestProcessor. org.apache.servicecomb.foundation.common.utils.SPIServiceUtils.loadSortedService(SPIServiceUtils.java:79)
[2018-05-31 19:54:49,672/CST][org.apache.servicecomb.demo.pojo.client.PojoClient.createUser-jmh-worker-14][INFO]Found SPI service org.apache.servicecomb.swagger.generator.core.ResponseTypeProcessor, count=1. org.apache.servicecomb.foundation.common.utils.SPIServiceUtils.loadSortedService(SPIServiceUtils.java:76)
[2018-05-31 19:54:49,673/CST][org.apache.servicecomb.demo.pojo.client.PojoClient.createUser-jmh-worker-14][INFO]  0. org.apache.servicecomb.swagger.generator.core.processor.response.CompletableFutureProcessor. org.apache.servicecomb.foundation.common.utils.SPIServiceUtils.loadSortedService(SPIServiceUtils.java:79)
[2018-05-31 19:54:49,676/CST][org.apache.servicecomb.demo.pojo.client.PojoClient.createUser-jmh-worker-14][INFO]Found SPI service org.apache.servicecomb.swagger.generator.core.SwaggerGeneratorContext, count=1. org.apache.servicecomb.foundation.common.utils.SPIServiceUtils.loadSortedService(SPIServiceUtils.java:76)
[2018-05-31 19:54:49,676/CST][org.apache.servicecomb.demo.pojo.client.PojoClient.createUser-jmh-worker-14][INFO]  0. org.apache.servicecomb.swagger.generator.pojo.PojoSwaggerGeneratorContext. org.apache.servicecomb.foundation.common.utils.SPIServiceUtils.loadSortedService(SPIServiceUtils.java:79)
[2018-05-31 19:54:49,686/CST][org.apache.servicecomb.demo.pojo.client.PojoClient.createUser-jmh-worker-14][INFO]Found SPI service org.apache.servicecomb.swagger.invocation.response.producer.ProducerResponseMapperFactory, count=3. org.apache.servicecomb.foundation.common.utils.SPIServiceUtils.loadSortedService(SPIServiceUtils.java:76)
[2018-05-31 19:54:49,687/CST][org.apache.servicecomb.demo.pojo.client.PojoClient.createUser-jmh-worker-14][INFO]  0. org.apache.servicecomb.swagger.invocation.response.producer.CseResponseProducerResponseMapperFactory. org.apache.servicecomb.foundation.common.utils.SPIServiceUtils.loadSortedService(SPIServiceUtils.java:79)
[2018-05-31 19:54:49,687/CST][org.apache.servicecomb.demo.pojo.client.PojoClient.createUser-jmh-worker-14][INFO]  1. org.apache.servicecomb.swagger.invocation.response.producer.CompletableFutureProducerResponseMapperFactory. org.apache.servicecomb.foundation.common.utils.SPIServiceUtils.loadSortedService(SPIServiceUtils.java:79)
[2018-05-31 19:54:49,688/CST][org.apache.servicecomb.demo.pojo.client.PojoClient.createUser-jmh-worker-14][INFO]  2. org.apache.servicecomb.swagger.invocation.response.producer.DefaultProducerResponseMapperFactory. org.apache.servicecomb.foundation.common.utils.SPIServiceUtils.loadSortedService(SPIServiceUtils.java:79)
[2018-05-31 19:54:49,692/CST][org.apache.servicecomb.demo.pojo.client.PojoClient.createUser-jmh-worker-14][INFO]Found SPI service org.apache.servicecomb.swagger.invocation.response.consumer.ConsumerResponseMapperFactory, count=3. org.apache.servicecomb.foundation.common.utils.SPIServiceUtils.loadSortedService(SPIServiceUtils.java:76)
[2018-05-31 19:54:49,693/CST][org.apache.servicecomb.demo.pojo.client.PojoClient.createUser-jmh-worker-14][INFO]  0. org.apache.servicecomb.swagger.invocation.response.consumer.CseResponseConsumerResponseMapperFactory. org.apache.servicecomb.foundation.common.utils.SPIServiceUtils.loadSortedService(SPIServiceUtils.java:79)
[2018-05-31 19:54:49,693/CST][org.apache.servicecomb.demo.pojo.client.PojoClient.createUser-jmh-worker-14][INFO]  1. org.apache.servicecomb.swagger.invocation.response.consumer.CompletableFutureConsumerResponseMapperFactory. org.apache.servicecomb.foundation.common.utils.SPIServiceUtils.loadSortedService(SPIServiceUtils.java:79)
[2018-05-31 19:54:49,694/CST][org.apache.servicecomb.demo.pojo.client.PojoClient.createUser-jmh-worker-14][INFO]  2. org.apache.servicecomb.swagger.invocation.response.consumer.DefaultConsumerResponseMapperFactory. org.apache.servicecomb.foundation.common.utils.SPIServiceUtils.loadSortedService(SPIServiceUtils.java:79)
[2018-05-31 19:54:49,808/CST][org.apache.servicecomb.demo.pojo.client.PojoClient.createUser-jmh-worker-14][INFO]load microservice config, name=codefirstClient, paths=[jar:file:/Volumes/256G/imlidian/rpc_performance_test/demo-pojo/pojo-client/target/lib/java-chassis-core-1.0.0-m2-SNAPSHOT.jar!/microservice.yaml, jar:file:/Volumes/256G/imlidian/rpc_performance_test/demo-pojo/pojo-client/target/servicecomb-pojo-client-round-2.jar!/microservice.yaml] org.apache.servicecomb.serviceregistry.definition.MicroserviceDefinition.logConfigPath(MicroserviceDefinition.java:142)
[2018-05-31 19:54:49,874/CST][org.apache.servicecomb.demo.pojo.client.PojoClient.createUser-jmh-worker-14][INFO]It is running in the normal mode, a separated service registry is required org.apache.servicecomb.serviceregistry.registry.ServiceRegistryFactory.create(ServiceRegistryFactory.java:81)
[2018-05-31 19:54:49,918/CST][org.apache.servicecomb.demo.pojo.client.PojoClient.createUser-jmh-worker-14][INFO]microserviceVersionFactory is org.apache.servicecomb.core.definition.PrivateMicroserviceVersionMetaFactory. org.apache.servicecomb.serviceregistry.registry.AbstractServiceRegistry.initAppManager(AbstractServiceRegistry.java:125)
[2018-05-31 19:54:49,938/CST][org.apache.servicecomb.demo.pojo.client.PojoClient.createUser-jmh-worker-14][INFO]add network interface name:wc6,host address:169.254.80.44 org.apache.servicecomb.foundation.common.net.NetUtils.doGetIpv4AddressFromNetworkInterface(NetUtils.java:114)
[2018-05-31 19:54:49,941/CST][org.apache.servicecomb.demo.pojo.client.PojoClient.createUser-jmh-worker-14][INFO]add network interface name:en1,host address:192.168.4.100 org.apache.servicecomb.foundation.common.net.NetUtils.doGetIpv4AddressFromNetworkInterface(NetUtils.java:114)
[2018-05-31 19:54:49,943/CST][org.apache.servicecomb.demo.pojo.client.PojoClient.createUser-jmh-worker-14][INFO]add network interface name:en0,host address:169.254.157.195 org.apache.servicecomb.foundation.common.net.NetUtils.doGetIpv4AddressFromNetworkInterface(NetUtils.java:114)
[2018-05-31 19:54:49,944/CST][org.apache.servicecomb.demo.pojo.client.PojoClient.createUser-jmh-worker-14][INFO]add host name from localhost:DeanMacbook.local,host address:169.254.157.195 org.apache.servicecomb.foundation.common.net.NetUtils.<clinit>(NetUtils.java:72)
[2018-05-31 19:54:50,928/CST][org.apache.servicecomb.demo.pojo.client.PojoClient.createUser-jmh-worker-14][INFO]executor group 2, thread per group 4. org.apache.servicecomb.core.executor.FixedThreadExecutor.<init>(FixedThreadExecutor.java:54)
[2018-05-31 19:54:51,076/CST][org.apache.servicecomb.demo.pojo.client.PojoClient.createUser-jmh-worker-14][INFO]choose org.apache.servicecomb.transport.rest.vertx.VertxRestTransport for rest. org.apache.servicecomb.core.transport.TransportManager.chooseOneTransport(TransportManager.java:84)
[2018-05-31 19:54:51,077/CST][org.apache.servicecomb.demo.pojo.client.PojoClient.createUser-jmh-worker-14][INFO]choose org.apache.servicecomb.transport.highway.HighwayTransport for highway. org.apache.servicecomb.core.transport.TransportManager.chooseOneTransport(TransportManager.java:84)
[2018-05-31 19:54:51,087/CST][org.apache.servicecomb.demo.pojo.client.PojoClient.createUser-jmh-worker-14][INFO]Found SPI service org.apache.servicecomb.common.rest.filter.HttpClientFilter, count=2. org.apache.servicecomb.foundation.common.utils.SPIServiceUtils.loadSortedService(SPIServiceUtils.java:76)
[2018-05-31 19:54:51,089/CST][org.apache.servicecomb.demo.pojo.client.PojoClient.createUser-jmh-worker-14][INFO]  0. org.apache.servicecomb.common.rest.filter.inner.ClientRestArgsFilter. org.apache.servicecomb.foundation.common.utils.SPIServiceUtils.loadSortedService(SPIServiceUtils.java:79)
[2018-05-31 19:54:51,090/CST][org.apache.servicecomb.demo.pojo.client.PojoClient.createUser-jmh-worker-14][INFO]  1. org.apache.servicecomb.transport.rest.client.http.DefaultHttpClientFilter. org.apache.servicecomb.foundation.common.utils.SPIServiceUtils.loadSortedService(SPIServiceUtils.java:79)
[2018-05-31 19:54:51,509/CST][transport-vert.x-eventloop-thread-4][WARN]rest listen address is not configured, will not start. org.apache.servicecomb.transport.rest.vertx.RestServerVerticle.start(RestServerVerticle.java:66)
[2018-05-31 19:54:51,526/CST][transport-vert.x-eventloop-thread-0][WARN]highway listen address is not configured, will not listen. org.apache.servicecomb.transport.highway.HighwayServerVerticle.startListen(HighwayServerVerticle.java:64)
[2018-05-31 19:54:51,533/CST][org.apache.servicecomb.demo.pojo.client.PojoClient.createUser-jmh-worker-14][INFO]running microservice register task. org.apache.servicecomb.serviceregistry.task.MicroserviceRegisterTask.doRegister(MicroserviceRegisterTask.java:70)
[2018-05-31 19:54:51,542/CST][org.apache.servicecomb.demo.pojo.client.PojoClient.createUser-jmh-worker-14][INFO]Microservice exists in service center, no need to register. id=780963f064c911e89b0d0242ac110002 appId=codefirsttest, name=codefirstClient, version=0.0.2 org.apache.servicecomb.serviceregistry.task.MicroserviceRegisterTask.doRegister(MicroserviceRegisterTask.java:78)
[2018-05-31 19:54:51,578/CST][org.apache.servicecomb.demo.pojo.client.PojoClient.createUser-jmh-worker-14][INFO]SchemaIds is equals to service center. id=780963f064c911e89b0d0242ac110002 appId=codefirsttest, name=codefirstClient, version=0.0.2, schemaIds=[] org.apache.servicecomb.serviceregistry.task.MicroserviceRegisterTask.checkSchemaIdSet(MicroserviceRegisterTask.java:141)
[2018-05-31 19:54:51,586/CST][registry-vert.x-eventloop-thread-0][WARN]get response for org.apache.servicecomb.serviceregistry.api.response.GetSchemasResponse failed, 405:Method Not Allowed, Method Not Allowed
 org.apache.servicecomb.serviceregistry.client.http.ServiceRegistryClientImpl.lambda$null$0(ServiceRegistryClientImpl.java:121)
[2018-05-31 19:54:51,593/CST][org.apache.servicecomb.demo.pojo.client.PojoClient.createUser-jmh-worker-14][INFO]read MicroserviceRegisterTask status is FINISHED org.apache.servicecomb.serviceregistry.task.ServiceCenterTask.onRegisterTask(ServiceCenterTask.java:51)
[2018-05-31 19:54:51,595/CST][org.apache.servicecomb.demo.pojo.client.PojoClient.createUser-jmh-worker-14][INFO]running microservice instance register task. org.apache.servicecomb.serviceregistry.task.MicroserviceInstanceRegisterTask.doRegister(MicroserviceInstanceRegisterTask.java:59)
[2018-05-31 19:54:51,672/CST][org.apache.servicecomb.demo.pojo.client.PojoClient.createUser-jmh-worker-14][INFO]Register microservice instance success. microserviceId=780963f064c911e89b0d0242ac110002 instanceId=7bd3fc5964c911e89b0d0242ac110002 endpoints=[] lease 120s org.apache.servicecomb.serviceregistry.task.MicroserviceInstanceRegisterTask.doRegister(MicroserviceInstanceRegisterTask.java:77)
[2018-05-31 19:54:51,674/CST][org.apache.servicecomb.demo.pojo.client.PojoClient.createUser-jmh-worker-14][INFO]receive MicroserviceInstanceRegisterTask event, check instance Id... org.apache.servicecomb.core.SCBEngine$1.afterRegistryInstance(SCBEngine.java:151)
[2018-05-31 19:54:51,674/CST][org.apache.servicecomb.demo.pojo.client.PojoClient.createUser-jmh-worker-14][INFO]instance registry succeeds for the first time, will send AFTER_REGISTRY event. org.apache.servicecomb.core.SCBEngine$1.afterRegistryInstance(SCBEngine.java:153)
[2018-05-31 19:54:51,675/CST][org.apache.servicecomb.demo.pojo.client.PojoClient.createUser-jmh-worker-14][INFO]read MicroserviceInstanceRegisterTask status is FINISHED org.apache.servicecomb.serviceregistry.task.ServiceCenterTask.onRegisterTask(ServiceCenterTask.java:51)
[2018-05-31 19:54:51,722/CST][org.apache.servicecomb.demo.pojo.client.PojoClient.createUser-jmh-worker-32][INFO]create MicroserviceVersions, appId=codefirsttest, microserviceName=codefirst. org.apache.servicecomb.serviceregistry.consumer.MicroserviceVersions.<init>(MicroserviceVersions.java:75)
[2018-05-31 19:54:51,734/CST][org.apache.servicecomb.demo.pojo.client.PojoClient.createUser-jmh-worker-32][INFO]find instances[1] from service center success. service=codefirsttest/codefirst/0.0.0+, old revision=null, new revision=null org.apache.servicecomb.serviceregistry.registry.AbstractServiceRegistry.findServiceInstances(AbstractServiceRegistry.java:254)
[2018-05-31 19:54:51,735/CST][org.apache.servicecomb.demo.pojo.client.PojoClient.createUser-jmh-worker-32][INFO]service id=6b34bc8464c911e89b0d0242ac110002, instance id=6b3ec24f64c911e89b0d0242ac110002, endpoints=[rest://169.254.157.195:8080] org.apache.servicecomb.serviceregistry.registry.AbstractServiceRegistry.findServiceInstances(AbstractServiceRegistry.java:262)
[2018-05-31 19:54:51,738/CST][registry-vert.x-eventloop-thread-2][INFO]watching microservice 780963f064c911e89b0d0242ac110002 successfully, the chosen service center address is localhost:30100 org.apache.servicecomb.serviceregistry.client.http.ServiceRegistryClientImpl.lambda$watch$8(ServiceRegistryClientImpl.java:564)
[2018-05-31 19:54:51,742/CST][org.apache.servicecomb.demo.pojo.client.PojoClient.createUser-jmh-worker-32][INFO]create classloader for microservice codefirsttest:codefirst:0.0.2. org.apache.servicecomb.core.definition.classloader.MicroserviceClassLoader.<init>(MicroserviceClassLoader.java:40)
[2018-05-31 19:54:51,751/CST][org.apache.servicecomb.demo.pojo.client.PojoClient.createUser-jmh-worker-32][INFO]load schema from service center, microservice=codefirsttest:codefirst:0.0.2, schemaId=codeFirstHello, result=true org.apache.servicecomb.core.definition.schema.ConsumerSchemaFactory.loadSwagger(ConsumerSchemaFactory.java:69)
[2018-05-31 19:54:51,881/CST][org.apache.servicecomb.demo.pojo.client.PojoClient.createUser-jmh-worker-32][INFO]register schema codefirsttest/codefirst/codeFirstHello org.apache.servicecomb.core.definition.loader.SchemaLoader.registerSchema(SchemaLoader.java:91)
[2018-05-31 19:54:51,947/CST][org.apache.servicecomb.demo.pojo.client.PojoClient.createUser-jmh-worker-32][INFO]create CtClass cse.gen.codefirsttest.codefirst.codeFirstHello.existUserBody in classLoader MicroserviceClassLoader codefirsttest:codefirst:0.0.2. org.apache.servicecomb.common.javassist.JavassistUtils.createCtClass(JavassistUtils.java:188)
[2018-05-31 19:54:51,952/CST][org.apache.servicecomb.demo.pojo.client.PojoClient.createUser-jmh-worker-32][INFO]create CtClass cse.gen.codefirsttest.codefirst.codeFirstHello.getUserBody in classLoader MicroserviceClassLoader codefirsttest:codefirst:0.0.2. org.apache.servicecomb.common.javassist.JavassistUtils.createCtClass(JavassistUtils.java:188)
[2018-05-31 19:54:51,956/CST][org.apache.servicecomb.demo.pojo.client.PojoClient.createUser-jmh-worker-32][INFO]create CtClass cse.gen.codefirsttest.codefirst.codeFirstHello.listUserBody in classLoader MicroserviceClassLoader codefirsttest:codefirst:0.0.2. org.apache.servicecomb.common.javassist.JavassistUtils.createCtClass(JavassistUtils.java:188)
[2018-05-31 19:54:51,987/CST][org.apache.servicecomb.demo.pojo.client.PojoClient.createUser-jmh-worker-32][INFO]create class cse.gen.codefirsttest.codefirst.codeFirstHello.existUserBody in classLoader MicroserviceClassLoader codefirsttest:codefirst:0.0.2. org.apache.servicecomb.common.javassist.JavassistUtils.createClass(JavassistUtils.java:224)
[2018-05-31 19:54:51,991/CST][org.apache.servicecomb.demo.pojo.client.PojoClient.createUser-jmh-worker-32][INFO]create class cse.gen.codefirsttest.codefirst.codeFirstHello.getUserBody in classLoader MicroserviceClassLoader codefirsttest:codefirst:0.0.2. org.apache.servicecomb.common.javassist.JavassistUtils.createClass(JavassistUtils.java:224)
[2018-05-31 19:54:51,992/CST][org.apache.servicecomb.demo.pojo.client.PojoClient.createUser-jmh-worker-32][INFO]create class cse.gen.codefirsttest.codefirst.codeFirstHello.listUserBody in classLoader MicroserviceClassLoader codefirsttest:codefirst:0.0.2. org.apache.servicecomb.common.javassist.JavassistUtils.createClass(JavassistUtils.java:224)
[2018-05-31 19:54:52,037/CST][org.apache.servicecomb.demo.pojo.client.PojoClient.createUser-jmh-worker-32][INFO]create CtClass cse.gen.codefirsttest.codefirst.codeFirstHello.CodeFirstPojoHelloImplIntf in classLoader MicroserviceClassLoader codefirsttest:codefirst:0.0.2. org.apache.servicecomb.common.javassist.JavassistUtils.createCtClass(JavassistUtils.java:188)
[2018-05-31 19:54:52,039/CST][org.apache.servicecomb.demo.pojo.client.PojoClient.createUser-jmh-worker-32][INFO]create class cse.gen.codefirsttest.codefirst.codeFirstHello.CodeFirstPojoHelloImplIntf in classLoader MicroserviceClassLoader codefirsttest:codefirst:0.0.2. org.apache.servicecomb.common.javassist.JavassistUtils.createClass(JavassistUtils.java:224)
[2018-05-31 19:54:52,053/CST][org.apache.servicecomb.demo.pojo.client.PojoClient.createUser-jmh-worker-32][INFO]Found SPI service org.apache.servicecomb.serviceregistry.discovery.DiscoveryFilter, count=1. org.apache.servicecomb.foundation.common.utils.SPIServiceUtils.loadSortedService(SPIServiceUtils.java:76)
[2018-05-31 19:54:52,054/CST][org.apache.servicecomb.demo.pojo.client.PojoClient.createUser-jmh-worker-32][INFO]  0. org.apache.servicecomb.core.filter.OperationInstancesDiscoveryFilter. org.apache.servicecomb.foundation.common.utils.SPIServiceUtils.loadSortedService(SPIServiceUtils.java:79)
[2018-05-31 19:54:52,057/CST][org.apache.servicecomb.demo.pojo.client.PojoClient.createUser-jmh-worker-32][INFO]sort DiscoveryFilter: org.apache.servicecomb.serviceregistry.discovery.DiscoveryTree.sort(DiscoveryTree.java:53)
[2018-05-31 19:54:52,058/CST][org.apache.servicecomb.demo.pojo.client.PojoClient.createUser-jmh-worker-32][INFO]DiscoveryFilter org.apache.servicecomb.core.filter.OperationInstancesDiscoveryFilter. org.apache.servicecomb.serviceregistry.discovery.DiscoveryTree.sort(DiscoveryTree.java:55)
[2018-05-31 19:54:52,059/CST][org.apache.servicecomb.demo.pojo.client.PojoClient.createUser-jmh-worker-32][INFO]DiscoveryFilter org.apache.servicecomb.core.filter.EndpointDiscoveryFilter. org.apache.servicecomb.serviceregistry.discovery.DiscoveryTree.sort(DiscoveryTree.java:55)
[2018-05-31 19:54:52,078/CST][org.apache.servicecomb.demo.pojo.client.PojoClient.createUser-jmh-worker-32][INFO]add schema to service paths. codefirsttest:codefirst:codeFirstHello. org.apache.servicecomb.common.rest.locator.ServicePathManager.addSchema(ServicePathManager.java:91)
[2018-05-31 19:54:52,082/CST][org.apache.servicecomb.demo.pojo.client.PojoClient.createUser-jmh-worker-32][INFO]create MicroserviceVersionRule, appId=codefirsttest, microserviceName=codefirst, versionRule=0.0.2. org.apache.servicecomb.serviceregistry.consumer.MicroserviceVersions.createAndInitMicroserviceVersionRule(MicroserviceVersions.java:205)
[2018-05-31 19:54:52,099/CST][org.apache.servicecomb.demo.pojo.client.PojoClient.createUser-jmh-worker-32][INFO]latestVersion changed from null to 0.0.2, appId=codefirsttest, microserviceName=codefirst, versionRule=0.0.2. org.apache.servicecomb.serviceregistry.consumer.MicroserviceVersionRule.resetLatestVersion(MicroserviceVersionRule.java:121)
[2018-05-31 19:54:52,099/CST][org.apache.servicecomb.demo.pojo.client.PojoClient.createUser-jmh-worker-32][INFO]add microserviceVersion, appId=codefirsttest, microserviceName=codefirst, version=0.0.2, versionRule=0.0.2. org.apache.servicecomb.serviceregistry.consumer.MicroserviceVersionRule.addMicroserviceVersion(MicroserviceVersionRule.java:89)
[2018-05-31 19:54:52,106/CST][org.apache.servicecomb.demo.pojo.client.PojoClient.createUser-jmh-worker-32][INFO]set instances, appId=codefirsttest, microserviceName=codefirst, versionRule=0.0.2, instanceId=6b3ec24f64c911e89b0d0242ac110002, version=0.0.2, endpoints=[rest://169.254.157.195:8080]. org.apache.servicecomb.serviceregistry.consumer.MicroserviceVersionRule.lambda$setInstances$0(MicroserviceVersionRule.java:161)
[2018-05-31 19:54:52,140/CST][org.apache.servicecomb.demo.pojo.client.PojoClient.createUser-jmh-worker-11][INFO]Found SPI service javax.ws.rs.core.Response$StatusType, count=0. org.apache.servicecomb.foundation.common.utils.SPIServiceUtils.loadSortedService(SPIServiceUtils.java:76)
[2018-05-31 19:54:52,167/CST][org.apache.servicecomb.demo.pojo.client.PojoClient.createUser-jmh-worker-15][INFO]Create loadBalancer for 0.0.2/0.0.2+/. org.apache.servicecomb.core.handler.impl.SimpleLoadBalanceHandler.lambda$handle$0(SimpleLoadBalanceHandler.java:72)
[2018-05-31 19:55:15,378/CST][Service Center Task][WARN]sc task interval changed from -1 to 30 org.apache.servicecomb.serviceregistry.task.ServiceCenterTaskMonitor.beginCycle(ServiceCenterTaskMonitor.java:39)
[2018-05-31 19:55:15,385/CST][Service Center Task][INFO]find instances[1] from service center success. service=codefirsttest/codefirst/0.0.0+, old revision=null, new revision=null org.apache.servicecomb.serviceregistry.registry.AbstractServiceRegistry.findServiceInstances(AbstractServiceRegistry.java:254)
[2018-05-31 19:55:15,386/CST][Service Center Task][INFO]service id=6b34bc8464c911e89b0d0242ac110002, instance id=6b3ec24f64c911e89b0d0242ac110002, endpoints=[rest://169.254.157.195:8080] org.apache.servicecomb.serviceregistry.registry.AbstractServiceRegistry.findServiceInstances(AbstractServiceRegistry.java:262)
[2018-05-31 19:55:15,386/CST][Service Center Task][INFO]set instances, appId=codefirsttest, microserviceName=codefirst, versionRule=0.0.2, instanceId=6b3ec24f64c911e89b0d0242ac110002, version=0.0.2, endpoints=[rest://169.254.157.195:8080]. org.apache.servicecomb.serviceregistry.consumer.MicroserviceVersionRule.lambda$setInstances$0(MicroserviceVersionRule.java:161)
[2018-05-31 19:55:21,707/CST][Service Center Task][WARN]sc task interval changed from -1 to 30 org.apache.servicecomb.serviceregistry.task.ServiceCenterTaskMonitor.beginCycle(ServiceCenterTaskMonitor.java:39)
[2018-05-31 19:55:21,716/CST][Service Center Task][INFO]find instances[1] from service center success. service=codefirsttest/codefirst/0.0.0+, old revision=null, new revision=null org.apache.servicecomb.serviceregistry.registry.AbstractServiceRegistry.findServiceInstances(AbstractServiceRegistry.java:254)
[2018-05-31 19:55:21,716/CST][Service Center Task][INFO]service id=6b34bc8464c911e89b0d0242ac110002, instance id=6b3ec24f64c911e89b0d0242ac110002, endpoints=[rest://169.254.157.195:8080] org.apache.servicecomb.serviceregistry.registry.AbstractServiceRegistry.findServiceInstances(AbstractServiceRegistry.java:262)
[2018-05-31 19:55:21,717/CST][Service Center Task][INFO]set instances, appId=codefirsttest, microserviceName=codefirst, versionRule=0.0.2, instanceId=6b3ec24f64c911e89b0d0242ac110002, version=0.0.2, endpoints=[rest://169.254.157.195:8080]. org.apache.servicecomb.serviceregistry.consumer.MicroserviceVersionRule.lambda$setInstances$0(MicroserviceVersionRule.java:161)
[2018-05-31 19:55:27,533/CST][Thread-6][INFO]ServiceComb is closing now... org.apache.servicecomb.core.SCBEngine.uninit(SCBEngine.java:229)
[2018-05-31 19:55:27,534/CST][Thread-3][INFO]Closing org.springframework.context.support.ClassPathXmlApplicationContext@1a407d53: startup date [Thu May 31 19:54:40 CST 2018]; root of context hierarchy org.springframework.context.support.AbstractApplicationContext.doClose(AbstractApplicationContext.java:984)
[2018-05-31 19:55:27,534/CST][Thread-5][INFO]Closing org.springframework.context.support.ClassPathXmlApplicationContext@38213741: startup date [Thu May 31 19:54:47 CST 2018]; root of context hierarchy org.springframework.context.support.AbstractApplicationContext.doClose(AbstractApplicationContext.java:984)
[2018-05-31 19:55:27,534/CST][Thread-4][INFO]ServiceComb is closing now... org.apache.servicecomb.core.SCBEngine.uninit(SCBEngine.java:229)
[2018-05-31 19:55:27,536/CST][Thread-4][INFO]BootListener org.apache.servicecomb.common.rest.RestEngineSchemaListener succeed to process BEFORE_CLOSE. org.apache.servicecomb.core.SCBEngine.safeTriggerEvent(SCBEngine.java:129)
[2018-05-31 19:55:27,535/CST][Thread-6][INFO]BootListener org.apache.servicecomb.common.rest.RestEngineSchemaListener succeed to process BEFORE_CLOSE. org.apache.servicecomb.core.SCBEngine.safeTriggerEvent(SCBEngine.java:129)
[2018-05-31 19:55:27,537/CST][Thread-4][INFO]service center task is shutdown. org.apache.servicecomb.serviceregistry.registry.RemoteServiceRegistry.onShutdown(RemoteServiceRegistry.java:72)
[2018-05-31 19:55:27,540/CST][Thread-6][INFO]service center task is shutdown. org.apache.servicecomb.serviceregistry.registry.RemoteServiceRegistry.onShutdown(RemoteServiceRegistry.java:72)
[2018-05-31 19:55:27,548/CST][Thread-4][INFO]Unregister microservice instance success. microserviceId=780963f064c911e89b0d0242ac110002 instanceId=780dc28c64c911e89b0d0242ac110002 org.apache.servicecomb.serviceregistry.registry.AbstractServiceRegistry.unregisterInstance(AbstractServiceRegistry.java:217)
[2018-05-31 19:55:27,548/CST][Thread-4][INFO]Closing vertx registry. org.apache.servicecomb.foundation.vertx.VertxUtils.closeVertxByName(VertxUtils.java:171)
[2018-05-31 19:55:27,554/CST][Thread-6][INFO]Unregister microservice instance success. microserviceId=780963f064c911e89b0d0242ac110002 instanceId=7bd3fc5964c911e89b0d0242ac110002 org.apache.servicecomb.serviceregistry.registry.AbstractServiceRegistry.unregisterInstance(AbstractServiceRegistry.java:217)
[2018-05-31 19:55:27,555/CST][Thread-6][INFO]Closing vertx registry. org.apache.servicecomb.foundation.vertx.VertxUtils.closeVertxByName(VertxUtils.java:171)
[2018-05-31 19:55:27,592/CST][registry-vert.x-eventloop-thread-2][ERROR]watcher connect to service center server failed, microservice 780963f064c911e89b0d0242ac110002, connection is closed accidentally org.apache.servicecomb.serviceregistry.client.http.ServiceRegistryClientImpl.watchErrorHandler(ServiceRegistryClientImpl.java:668)
[2018-05-31 19:55:27,594/CST][registry-vert.x-eventloop-thread-2][INFO]read exception event, message is :connection is closed accidentally org.apache.servicecomb.serviceregistry.task.ServiceCenterTask.onExceptionEvent(ServiceCenterTask.java:71)
[2018-05-31 19:55:27,612/CST][registry-vert.x-eventloop-thread-8][INFO]Success to close vertx registry. org.apache.servicecomb.foundation.vertx.VertxUtils.lambda$closeVertxByName$2(VertxUtils.java:182)
[2018-05-31 19:55:27,613/CST][Thread-4][INFO]Closing vertx config-center. org.apache.servicecomb.foundation.vertx.VertxUtils.closeVertxByName(VertxUtils.java:171)
[2018-05-31 19:55:27,613/CST][Thread-4][INFO]Vertx config-center not exist. org.apache.servicecomb.foundation.vertx.VertxUtils.closeVertxByName(VertxUtils.java:175)
[2018-05-31 19:55:27,613/CST][Thread-4][INFO]Closing vertx transport. org.apache.servicecomb.foundation.vertx.VertxUtils.closeVertxByName(VertxUtils.java:171)
[2018-05-31 19:55:27,617/CST][transport-vert.x-eventloop-thread-8][INFO]Success to close vertx transport. org.apache.servicecomb.foundation.vertx.VertxUtils.lambda$closeVertxByName$2(VertxUtils.java:182)
[2018-05-31 19:55:27,618/CST][Thread-4][INFO]BootListener org.apache.servicecomb.common.rest.RestEngineSchemaListener succeed to process AFTER_CLOSE. org.apache.servicecomb.core.SCBEngine.safeTriggerEvent(SCBEngine.java:129)
[2018-05-31 19:55:27,618/CST][Thread-4][INFO]ServiceComb had closed org.apache.servicecomb.core.SCBEngine.uninit(SCBEngine.java:232)
[2018-05-31 19:55:27,628/CST][registry-vert.x-eventloop-thread-2][ERROR]watcher connect to service center server failed, microservice 780963f064c911e89b0d0242ac110002, connection is closed accidentally org.apache.servicecomb.serviceregistry.client.http.ServiceRegistryClientImpl.watchErrorHandler(ServiceRegistryClientImpl.java:668)
[2018-05-31 19:55:27,630/CST][registry-vert.x-eventloop-thread-2][INFO]read exception event, message is :connection is closed accidentally org.apache.servicecomb.serviceregistry.task.ServiceCenterTask.onExceptionEvent(ServiceCenterTask.java:71)
[2018-05-31 19:55:27,634/CST][registry-vert.x-eventloop-thread-8][INFO]Success to close vertx registry. org.apache.servicecomb.foundation.vertx.VertxUtils.lambda$closeVertxByName$2(VertxUtils.java:182)
[2018-05-31 19:55:27,635/CST][Thread-6][INFO]Closing vertx config-center. org.apache.servicecomb.foundation.vertx.VertxUtils.closeVertxByName(VertxUtils.java:171)
[2018-05-31 19:55:27,635/CST][Thread-6][INFO]Vertx config-center not exist. org.apache.servicecomb.foundation.vertx.VertxUtils.closeVertxByName(VertxUtils.java:175)
[2018-05-31 19:55:27,635/CST][Thread-6][INFO]Closing vertx transport. org.apache.servicecomb.foundation.vertx.VertxUtils.closeVertxByName(VertxUtils.java:171)
[2018-05-31 19:55:27,643/CST][transport-vert.x-eventloop-thread-8][INFO]Success to close vertx transport. org.apache.servicecomb.foundation.vertx.VertxUtils.lambda$closeVertxByName$2(VertxUtils.java:182)
[2018-05-31 19:55:27,644/CST][Thread-6][INFO]BootListener org.apache.servicecomb.common.rest.RestEngineSchemaListener succeed to process AFTER_CLOSE. org.apache.servicecomb.core.SCBEngine.safeTriggerEvent(SCBEngine.java:129)
[2018-05-31 19:55:27,644/CST][Thread-6][INFO]ServiceComb had closed org.apache.servicecomb.core.SCBEngine.uninit(SCBEngine.java:232)
[2018-06-01 11:13:13,058/CST][main][ERROR]Can not output merged.log4j.properties,because can not write to directory of file file:/Volumes/256G/imlidian/rpc_performance_test/demo-pojo/pojo-client/target/lib/foundation-common-1.0.0-m1.jar!/config/base/log4j.properties org.apache.servicecomb.foundation.common.utils.Log4jUtils.outputFile(Log4jUtils.java:95)
[2018-06-01 11:13:13,120/CST][main][INFO]Refreshing org.springframework.context.support.ClassPathXmlApplicationContext@6aaa5eb0: startup date [Fri Jun 01 11:13:13 CST 2018]; root of context hierarchy org.springframework.context.support.AbstractApplicationContext.prepareRefresh(AbstractApplicationContext.java:582)
[2018-06-01 11:13:13,206/CST][main][INFO]Loading XML bean definitions from URL [jar:file:/Volumes/256G/imlidian/rpc_performance_test/demo-pojo/pojo-client/target/servicecomb-pojo-client-round-2.jar!/META-INF/spring/pojo.client.bean.xml] org.springframework.beans.factory.xml.XmlBeanDefinitionReader.loadBeanDefinitions(XmlBeanDefinitionReader.java:317)
[2018-06-01 11:13:13,369/CST][main][INFO]Loading XML bean definitions from URL [jar:file:/Volumes/256G/imlidian/rpc_performance_test/demo-pojo/pojo-client/target/lib/transport-rest-client-1.0.0-m1.jar!/META-INF/spring/cse.transport.rest.bean.xml] org.springframework.beans.factory.xml.XmlBeanDefinitionReader.loadBeanDefinitions(XmlBeanDefinitionReader.java:317)
[2018-06-01 11:13:13,411/CST][main][INFO]Loading XML bean definitions from URL [jar:file:/Volumes/256G/imlidian/rpc_performance_test/demo-pojo/pojo-client/target/lib/java-chassis-core-1.0.0-m1.jar!/META-INF/spring/cse.bean.xml] org.springframework.beans.factory.xml.XmlBeanDefinitionReader.loadBeanDefinitions(XmlBeanDefinitionReader.java:317)
[2018-06-01 11:13:14,085/CST][main][INFO]Loading XML bean definitions from URL [jar:file:/Volumes/256G/imlidian/rpc_performance_test/demo-pojo/pojo-client/target/lib/foundation-config-1.0.0-m1.jar!/META-INF/spring/cse.bean.xml] org.springframework.beans.factory.xml.XmlBeanDefinitionReader.loadBeanDefinitions(XmlBeanDefinitionReader.java:317)
[2018-06-01 11:13:14,115/CST][main][INFO]Loading XML bean definitions from URL [jar:file:/Volumes/256G/imlidian/rpc_performance_test/demo-pojo/pojo-client/target/lib/foundation-vertx-1.0.0-m1.jar!/META-INF/spring/cse.bean.xml] org.springframework.beans.factory.xml.XmlBeanDefinitionReader.loadBeanDefinitions(XmlBeanDefinitionReader.java:317)
[2018-06-01 11:13:14,141/CST][main][INFO]Loading XML bean definitions from URL [jar:file:/Volumes/256G/imlidian/rpc_performance_test/demo-pojo/pojo-client/target/lib/foundation-common-1.0.0-m1.jar!/META-INF/spring/common.bean.xml] org.springframework.beans.factory.xml.XmlBeanDefinitionReader.loadBeanDefinitions(XmlBeanDefinitionReader.java:317)
[2018-06-01 11:13:14,164/CST][main][INFO]Loading XML bean definitions from URL [jar:file:/Volumes/256G/imlidian/rpc_performance_test/demo-pojo/pojo-client/target/lib/foundation-metrics-1.0.0-m1.jar!/META-INF/spring/metrics.bean.xml] org.springframework.beans.factory.xml.XmlBeanDefinitionReader.loadBeanDefinitions(XmlBeanDefinitionReader.java:317)
[2018-06-01 11:13:14,567/CST][main][WARN]No URLs will be polled as dynamic configuration sources. com.netflix.config.sources.URLConfigurationSource.<init>(URLConfigurationSource.java:121)
[2018-06-01 11:13:14,568/CST][main][INFO]To enable URLs as dynamic configuration sources, define System property archaius.configurationSource.additionalUrls or make config.properties available on classpath. com.netflix.config.sources.URLConfigurationSource.<init>(URLConfigurationSource.java:122)
[2018-06-01 11:13:14,576/CST][main][INFO]create dynamic config: org.apache.servicecomb.config.ConfigUtil.createDynamicConfig(ConfigUtil.java:169)
[2018-06-01 11:13:14,664/CST][main][INFO]create local config: org.apache.servicecomb.config.ConfigUtil.createLocalConfig(ConfigUtil.java:87)
[2018-06-01 11:13:14,665/CST][main][INFO] jar:file:/Volumes/256G/imlidian/rpc_performance_test/demo-pojo/pojo-client/target/servicecomb-pojo-client-round-2.jar!/microservice.yaml. org.apache.servicecomb.config.ConfigUtil.createLocalConfig(ConfigUtil.java:89)
[2018-06-01 11:13:14,683/CST][main][INFO]Can not get the SPI service, the interface type is: interface org.apache.servicecomb.config.spi.ConfigCenterConfigurationSource org.apache.servicecomb.foundation.common.utils.SPIServiceUtils.getTargetService(SPIServiceUtils.java:54)
[2018-06-01 11:13:14,683/CST][main][INFO]config center SPI service can not find, skip to load configuration from config center org.apache.servicecomb.config.ConfigUtil.createConfigFromConfigCenter(ConfigUtil.java:154)
[2018-06-01 11:13:15,145/CST][main][INFO]JSR-330 'javax.inject.Inject' annotation found and supported for autowiring org.springframework.beans.factory.annotation.AutowiredAnnotationBeanPostProcessor.<init>(AutowiredAnnotationBeanPostProcessor.java:155)
[2018-06-01 11:13:15,600/CST][main][INFO]Found swagger generator context: org.apache.servicecomb.swagger.generator.pojo.PojoSwaggerGeneratorContext org.apache.servicecomb.swagger.generator.core.CompositeSwaggerGeneratorContext.<init>(CompositeSwaggerGeneratorContext.java:39)
[2018-06-01 11:13:15,613/CST][main][INFO]found factory org.apache.servicecomb.swagger.invocation.response.producer.CseResponseProducerResponseMapperFactory of org.apache.servicecomb.swagger.invocation.response.producer.ProducerResponseMapperFactory: org.apache.servicecomb.swagger.invocation.response.ResponseMapperFactorys.lambda$new$0(ResponseMapperFactorys.java:41)
[2018-06-01 11:13:15,614/CST][main][INFO]found factory org.apache.servicecomb.swagger.invocation.response.producer.CompletableFutureProducerResponseMapperFactory of org.apache.servicecomb.swagger.invocation.response.producer.ProducerResponseMapperFactory: org.apache.servicecomb.swagger.invocation.response.ResponseMapperFactorys.lambda$new$0(ResponseMapperFactorys.java:41)
[2018-06-01 11:13:15,614/CST][main][INFO]found factory org.apache.servicecomb.swagger.invocation.response.producer.DefaultProducerResponseMapperFactory of org.apache.servicecomb.swagger.invocation.response.producer.ProducerResponseMapperFactory: org.apache.servicecomb.swagger.invocation.response.ResponseMapperFactorys.lambda$new$0(ResponseMapperFactorys.java:41)
[2018-06-01 11:13:15,618/CST][main][INFO]found factory org.apache.servicecomb.swagger.invocation.response.consumer.CseResponseConsumerResponseMapperFactory of org.apache.servicecomb.swagger.invocation.response.consumer.ConsumerResponseMapperFactory: org.apache.servicecomb.swagger.invocation.response.ResponseMapperFactorys.lambda$new$0(ResponseMapperFactorys.java:41)
[2018-06-01 11:13:15,619/CST][main][INFO]found factory org.apache.servicecomb.swagger.invocation.response.consumer.CompletableFutureConsumerResponseMapperFactory of org.apache.servicecomb.swagger.invocation.response.consumer.ConsumerResponseMapperFactory: org.apache.servicecomb.swagger.invocation.response.ResponseMapperFactorys.lambda$new$0(ResponseMapperFactorys.java:41)
[2018-06-01 11:13:15,619/CST][main][INFO]found factory org.apache.servicecomb.swagger.invocation.response.consumer.DefaultConsumerResponseMapperFactory of org.apache.servicecomb.swagger.invocation.response.consumer.ConsumerResponseMapperFactory: org.apache.servicecomb.swagger.invocation.response.ResponseMapperFactorys.lambda$new$0(ResponseMapperFactorys.java:41)
[2018-06-01 11:13:15,736/CST][main][INFO]load microservice config, name=codefirstClient, paths=[jar:file:/Volumes/256G/imlidian/rpc_performance_test/demo-pojo/pojo-client/target/servicecomb-pojo-client-round-2.jar!/microservice.yaml] org.apache.servicecomb.serviceregistry.definition.MicroserviceDefinition.logConfigPath(MicroserviceDefinition.java:142)
[2018-06-01 11:13:15,803/CST][main][INFO]It is running in the normal mode, a separated service registry is required org.apache.servicecomb.serviceregistry.registry.ServiceRegistryFactory.create(ServiceRegistryFactory.java:81)
[2018-06-01 11:13:15,826/CST][main][INFO]add network interface name:wc6,host address:169.254.80.44 org.apache.servicecomb.foundation.common.net.NetUtils.doGetIpv4AddressFromNetworkInterface(NetUtils.java:114)
[2018-06-01 11:13:15,827/CST][main][INFO]add network interface name:en1,host address:192.168.43.114 org.apache.servicecomb.foundation.common.net.NetUtils.doGetIpv4AddressFromNetworkInterface(NetUtils.java:114)
