[2018-04-25 11:05:30,603/CST][main][ERROR]Can not output merged.log4j.properties,because can not write to directory of file file:/Volumes/256G/imlidian/test/demo-pojo/pojo-server/target/lib/transport-rest-vertx-1.0.0-m1.jar!/config/base/log4j.properties org.apache.servicecomb.foundation.common.utils.Log4jUtils.outputFile(Log4jUtils.java:95)
[2018-04-25 11:05:30,661/CST][main][INFO]Refreshing org.springframework.context.support.ClassPathXmlApplicationContext@3498ed: startup date [Wed Apr 25 11:05:30 CST 2018]; root of context hierarchy org.springframework.context.support.AbstractApplicationContext.prepareRefresh(AbstractApplicationContext.java:582)
[2018-04-25 11:05:30,752/CST][main][INFO]Loading XML bean definitions from URL [jar:file:/Volumes/256G/imlidian/test/demo-pojo/pojo-server/target/servicecomb-pojo-round-2.jar!/META-INF/spring/pojo.server.bean.xml] org.springframework.beans.factory.xml.XmlBeanDefinitionReader.loadBeanDefinitions(XmlBeanDefinitionReader.java:317)
[2018-04-25 11:05:30,900/CST][main][INFO]Loading XML bean definitions from URL [jar:file:/Volumes/256G/imlidian/test/demo-pojo/pojo-server/target/lib/java-chassis-core-1.0.0-m1.jar!/META-INF/spring/cse.bean.xml] org.springframework.beans.factory.xml.XmlBeanDefinitionReader.loadBeanDefinitions(XmlBeanDefinitionReader.java:317)
[2018-04-25 11:05:31,574/CST][main][INFO]Loading XML bean definitions from URL [jar:file:/Volumes/256G/imlidian/test/demo-pojo/pojo-server/target/lib/foundation-config-1.0.0-m1.jar!/META-INF/spring/cse.bean.xml] org.springframework.beans.factory.xml.XmlBeanDefinitionReader.loadBeanDefinitions(XmlBeanDefinitionReader.java:317)
[2018-04-25 11:05:31,600/CST][main][INFO]Loading XML bean definitions from URL [jar:file:/Volumes/256G/imlidian/test/demo-pojo/pojo-server/target/lib/foundation-vertx-1.0.0-m1.jar!/META-INF/spring/cse.bean.xml] org.springframework.beans.factory.xml.XmlBeanDefinitionReader.loadBeanDefinitions(XmlBeanDefinitionReader.java:317)
[2018-04-25 11:05:31,624/CST][main][INFO]Loading XML bean definitions from URL [jar:file:/Volumes/256G/imlidian/test/demo-pojo/pojo-server/target/lib/foundation-common-1.0.0-m1.jar!/META-INF/spring/common.bean.xml] org.springframework.beans.factory.xml.XmlBeanDefinitionReader.loadBeanDefinitions(XmlBeanDefinitionReader.java:317)
[2018-04-25 11:05:31,662/CST][main][INFO]Loading XML bean definitions from URL [jar:file:/Volumes/256G/imlidian/test/demo-pojo/pojo-server/target/lib/foundation-metrics-1.0.0-m1.jar!/META-INF/spring/metrics.bean.xml] org.springframework.beans.factory.xml.XmlBeanDefinitionReader.loadBeanDefinitions(XmlBeanDefinitionReader.java:317)
[2018-04-25 11:05:31,708/CST][main][INFO]Loading XML bean definitions from URL [jar:file:/Volumes/256G/imlidian/test/demo-pojo/pojo-server/target/lib/transport-rest-client-1.0.0-m1.jar!/META-INF/spring/cse.transport.rest.bean.xml] org.springframework.beans.factory.xml.XmlBeanDefinitionReader.loadBeanDefinitions(XmlBeanDefinitionReader.java:317)
[2018-04-25 11:05:32,220/CST][main][WARN]No URLs will be polled as dynamic configuration sources. com.netflix.config.sources.URLConfigurationSource.<init>(URLConfigurationSource.java:121)
[2018-04-25 11:05:32,221/CST][main][INFO]To enable URLs as dynamic configuration sources, define System property archaius.configurationSource.additionalUrls or make config.properties available on classpath. com.netflix.config.sources.URLConfigurationSource.<init>(URLConfigurationSource.java:122)
[2018-04-25 11:05:32,233/CST][main][INFO]create dynamic config: org.apache.servicecomb.config.ConfigUtil.createDynamicConfig(ConfigUtil.java:169)
[2018-04-25 11:05:32,350/CST][main][INFO]create local config: org.apache.servicecomb.config.ConfigUtil.createLocalConfig(ConfigUtil.java:87)
[2018-04-25 11:05:32,351/CST][main][INFO] jar:file:/Volumes/256G/imlidian/test/demo-pojo/pojo-server/target/servicecomb-pojo-round-2.jar!/microservice.yaml. org.apache.servicecomb.config.ConfigUtil.createLocalConfig(ConfigUtil.java:89)
[2018-04-25 11:05:32,381/CST][main][INFO]Can not get the SPI service, the interface type is: interface org.apache.servicecomb.config.spi.ConfigCenterConfigurationSource org.apache.servicecomb.foundation.common.utils.SPIServiceUtils.getTargetService(SPIServiceUtils.java:54)
[2018-04-25 11:05:32,383/CST][main][INFO]config center SPI service can not find, skip to load configuration from config center org.apache.servicecomb.config.ConfigUtil.createConfigFromConfigCenter(ConfigUtil.java:154)
[2018-04-25 11:05:32,878/CST][main][INFO]JSR-330 'javax.inject.Inject' annotation found and supported for autowiring org.springframework.beans.factory.annotation.AutowiredAnnotationBeanPostProcessor.<init>(AutowiredAnnotationBeanPostProcessor.java:155)
[2018-04-25 11:05:33,077/CST][main][INFO]Found swagger generator context: org.apache.servicecomb.swagger.generator.springmvc.SpringmvcSwaggerGeneratorContext org.apache.servicecomb.swagger.generator.core.CompositeSwaggerGeneratorContext.<init>(CompositeSwaggerGeneratorContext.java:39)
[2018-04-25 11:05:33,078/CST][main][INFO]Found swagger generator context: org.apache.servicecomb.swagger.generator.pojo.PojoSwaggerGeneratorContext org.apache.servicecomb.swagger.generator.core.CompositeSwaggerGeneratorContext.<init>(CompositeSwaggerGeneratorContext.java:39)
[2018-04-25 11:05:33,102/CST][main][INFO]found factory org.apache.servicecomb.swagger.invocation.response.producer.CseResponseProducerResponseMapperFactory of org.apache.servicecomb.swagger.invocation.response.producer.ProducerResponseMapperFactory: org.apache.servicecomb.swagger.invocation.response.ResponseMapperFactorys.lambda$new$0(ResponseMapperFactorys.java:41)
[2018-04-25 11:05:33,103/CST][main][INFO]found factory org.apache.servicecomb.swagger.invocation.response.producer.CompletableFutureProducerResponseMapperFactory of org.apache.servicecomb.swagger.invocation.response.producer.ProducerResponseMapperFactory: org.apache.servicecomb.swagger.invocation.response.ResponseMapperFactorys.lambda$new$0(ResponseMapperFactorys.java:41)
[2018-04-25 11:05:33,103/CST][main][INFO]found factory org.apache.servicecomb.swagger.invocation.springmvc.response.SpringmvcProducerResponseMapperFactory of org.apache.servicecomb.swagger.invocation.response.producer.ProducerResponseMapperFactory: org.apache.servicecomb.swagger.invocation.response.ResponseMapperFactorys.lambda$new$0(ResponseMapperFactorys.java:41)
[2018-04-25 11:05:33,104/CST][main][INFO]found factory org.apache.servicecomb.swagger.invocation.response.producer.DefaultProducerResponseMapperFactory of org.apache.servicecomb.swagger.invocation.response.producer.ProducerResponseMapperFactory: org.apache.servicecomb.swagger.invocation.response.ResponseMapperFactorys.lambda$new$0(ResponseMapperFactorys.java:41)
[2018-04-25 11:05:33,144/CST][main][INFO]found factory org.apache.servicecomb.swagger.invocation.response.consumer.CseResponseConsumerResponseMapperFactory of org.apache.servicecomb.swagger.invocation.response.consumer.ConsumerResponseMapperFactory: org.apache.servicecomb.swagger.invocation.response.ResponseMapperFactorys.lambda$new$0(ResponseMapperFactorys.java:41)
[2018-04-25 11:05:33,145/CST][main][INFO]found factory org.apache.servicecomb.swagger.invocation.response.consumer.CompletableFutureConsumerResponseMapperFactory of org.apache.servicecomb.swagger.invocation.response.consumer.ConsumerResponseMapperFactory: org.apache.servicecomb.swagger.invocation.response.ResponseMapperFactorys.lambda$new$0(ResponseMapperFactorys.java:41)
[2018-04-25 11:05:33,145/CST][main][INFO]found factory org.apache.servicecomb.swagger.invocation.springmvc.response.SpringmvcConsumerResponseMapperFactory of org.apache.servicecomb.swagger.invocation.response.consumer.ConsumerResponseMapperFactory: org.apache.servicecomb.swagger.invocation.response.ResponseMapperFactorys.lambda$new$0(ResponseMapperFactorys.java:41)
[2018-04-25 11:05:33,146/CST][main][INFO]found factory org.apache.servicecomb.swagger.invocation.response.consumer.DefaultConsumerResponseMapperFactory of org.apache.servicecomb.swagger.invocation.response.consumer.ConsumerResponseMapperFactory: org.apache.servicecomb.swagger.invocation.response.ResponseMapperFactorys.lambda$new$0(ResponseMapperFactorys.java:41)
[2018-04-25 11:05:33,622/CST][main][INFO]load microservice config, name=codefirst, paths=[jar:file:/Volumes/256G/imlidian/test/demo-pojo/pojo-server/target/servicecomb-pojo-round-2.jar!/microservice.yaml] org.apache.servicecomb.serviceregistry.definition.MicroserviceDefinition.logConfigPath(MicroserviceDefinition.java:142)
[2018-04-25 11:05:33,688/CST][main][INFO]It is running in the normal mode, a separated service registry is required org.apache.servicecomb.serviceregistry.registry.ServiceRegistryFactory.create(ServiceRegistryFactory.java:81)
[2018-04-25 11:05:33,719/CST][main][INFO]add network interface name:en7,host address:172.20.10.2 org.apache.servicecomb.foundation.common.net.NetUtils.doGetIpv4AddressFromNetworkInterface(NetUtils.java:114)
[2018-04-25 11:05:33,719/CST][main][INFO]add network interface name:wc6,host address:169.254.95.190 org.apache.servicecomb.foundation.common.net.NetUtils.doGetIpv4AddressFromNetworkInterface(NetUtils.java:114)
[2018-04-25 11:05:33,859/CST][main][INFO]add host name from localhost:DeanMacbook.local,host address:172.20.10.2 org.apache.servicecomb.foundation.common.net.NetUtils.<clinit>(NetUtils.java:72)
